[2020-09-21T14:00:57.840] [INFO] pinus - [club-server-1 application.js] application inited: "club-server-1"
[2020-09-21T14:00:57.850] [INFO] pinus - [club-server-1 application.js] "club-server-1" enter before start...
[2020-09-21T14:00:57.851] [INFO] pinus - [club-server-1 application.js] "club-server-1" enter start...
[2020-09-21T14:00:57.872] [ERROR] logger - [club-server-1 console] club-server-1Error: 
    at Logger.pLogger.<computed> [as error] (E:\BaseProject\server\node_modules\pinus-logger\lib\logger.ts:70:34)
    at process.<anonymous> (E:\BaseProject\server\preload.ts:33:17)
    at process.emit (events.js:315:20)
    at process._fatalException (internal/process/execution.js:165:25) uncaughtException Caught exception:  Error: Cannot find module 'mysql'
Require stack:
- E:\BaseProject\server\dist\app\repositories\database.js
- E:\BaseProject\server\dist\app\repositories\accountDB.js
- E:\BaseProject\server\dist\app\repositories\dbManager.js
- E:\BaseProject\server\dist\app\servers\club\remote\clubRemote.js
- E:\BaseProject\server\node_modules\pinus-loader\dist\lib\loader.js
- E:\BaseProject\server\node_modules\pinus-loader\dist\index.js
- E:\BaseProject\server\node_modules\pinus\dist\lib\components\dictionary.js
- E:\BaseProject\server\node_modules\pinus\dist\lib\pinus.js
- E:\BaseProject\server\node_modules\pinus\dist\lib\index.js
- E:\BaseProject\server\dist\app.js
    at Function.Module._resolveFilename (internal/modules/cjs/loader.js:966:15)
    at Function.Module._load (internal/modules/cjs/loader.js:842:27)
    at Module.require (internal/modules/cjs/loader.js:1026:19)
    at require (internal/modules/cjs/helpers.js:72:18)
    at Object.<anonymous> (E:\BaseProject\server\app\repositories\database.ts:1:15)
    at Module._compile (internal/modules/cjs/loader.js:1138:30)
    at Object.Module._extensions..js (internal/modules/cjs/loader.js:1158:10)
    at Module.load (internal/modules/cjs/loader.js:986:32)
    at Function.Module._load (internal/modules/cjs/loader.js:879:14)
    at Module.require (internal/modules/cjs/loader.js:1026:19)
    at require (internal/modules/cjs/helpers.js:72:18)
    at Object.<anonymous> (E:\BaseProject\server\app\repositories\accountDB.ts:2:1)
    at Module._compile (internal/modules/cjs/loader.js:1138:30)
    at Object.Module._extensions..js (internal/modules/cjs/loader.js:1158:10)
    at Module.load (internal/modules/cjs/loader.js:986:32)
    at Function.Module._load (internal/modules/cjs/loader.js:879:14) {
  code: 'MODULE_NOT_FOUND',
  requireStack: [
    'E:\\BaseProject\\server\\dist\\app\\repositories\\database.js',
    'E:\\BaseProject\\server\\dist\\app\\repositories\\accountDB.js',
    'E:\\BaseProject\\server\\dist\\app\\repositories\\dbManager.js',
    'E:\\BaseProject\\server\\dist\\app\\servers\\club\\remote\\clubRemote.js',
    'E:\\BaseProject\\server\\node_modules\\pinus-loader\\dist\\lib\\loader.js',
    'E:\\BaseProject\\server\\node_modules\\pinus-loader\\dist\\index.js',
    'E:\\BaseProject\\server\\node_modules\\pinus\\dist\\lib\\components\\dictionary.js',
    'E:\\BaseProject\\server\\node_modules\\pinus\\dist\\lib\\pinus.js',
    'E:\\BaseProject\\server\\node_modules\\pinus\\dist\\lib\\index.js',
    'E:\\BaseProject\\server\\dist\\app.js'
  ]
}
[2020-09-21T14:04:30.171] [INFO] pinus - [club-server-1 application.js] application inited: "club-server-1"
[2020-09-21T14:04:30.179] [INFO] pinus - [club-server-1 application.js] "club-server-1" enter before start...
[2020-09-21T14:04:30.180] [INFO] pinus - [club-server-1 application.js] "club-server-1" enter start...
[2020-09-21T14:04:30.222] [ERROR] logger - [club-server-1 console] club-server-1Error: 
    at Logger.pLogger.<computed> [as error] (E:\BaseProject\server\node_modules\pinus-logger\lib\logger.ts:70:34)
    at process.<anonymous> (E:\BaseProject\server\preload.ts:33:17)
    at process.emit (events.js:315:20)
    at process._fatalException (internal/process/execution.js:165:25) uncaughtException Caught exception:  Error: Cannot find module 'mysql'
Require stack:
- E:\BaseProject\server\dist\app\repositories\database.js
- E:\BaseProject\server\dist\app\repositories\accountDB.js
- E:\BaseProject\server\dist\app\repositories\dbManager.js
- E:\BaseProject\server\dist\app\servers\club\remote\clubRemote.js
- E:\BaseProject\server\node_modules\pinus-loader\dist\lib\loader.js
- E:\BaseProject\server\node_modules\pinus-loader\dist\index.js
- E:\BaseProject\server\node_modules\pinus\dist\lib\components\dictionary.js
- E:\BaseProject\server\node_modules\pinus\dist\lib\pinus.js
- E:\BaseProject\server\node_modules\pinus\dist\lib\index.js
- E:\BaseProject\server\dist\app.js
    at Function.Module._resolveFilename (internal/modules/cjs/loader.js:966:15)
    at Function.Module._load (internal/modules/cjs/loader.js:842:27)
    at Module.require (internal/modules/cjs/loader.js:1026:19)
    at require (internal/modules/cjs/helpers.js:72:18)
    at Object.<anonymous> (E:\BaseProject\server\app\repositories\database.ts:1:15)
    at Module._compile (internal/modules/cjs/loader.js:1138:30)
    at Object.Module._extensions..js (internal/modules/cjs/loader.js:1158:10)
    at Module.load (internal/modules/cjs/loader.js:986:32)
    at Function.Module._load (internal/modules/cjs/loader.js:879:14)
    at Module.require (internal/modules/cjs/loader.js:1026:19)
    at require (internal/modules/cjs/helpers.js:72:18)
    at Object.<anonymous> (E:\BaseProject\server\app\repositories\accountDB.ts:2:1)
    at Module._compile (internal/modules/cjs/loader.js:1138:30)
    at Object.Module._extensions..js (internal/modules/cjs/loader.js:1158:10)
    at Module.load (internal/modules/cjs/loader.js:986:32)
    at Function.Module._load (internal/modules/cjs/loader.js:879:14) {
  code: 'MODULE_NOT_FOUND',
  requireStack: [
    'E:\\BaseProject\\server\\dist\\app\\repositories\\database.js',
    'E:\\BaseProject\\server\\dist\\app\\repositories\\accountDB.js',
    'E:\\BaseProject\\server\\dist\\app\\repositories\\dbManager.js',
    'E:\\BaseProject\\server\\dist\\app\\servers\\club\\remote\\clubRemote.js',
    'E:\\BaseProject\\server\\node_modules\\pinus-loader\\dist\\lib\\loader.js',
    'E:\\BaseProject\\server\\node_modules\\pinus-loader\\dist\\index.js',
    'E:\\BaseProject\\server\\node_modules\\pinus\\dist\\lib\\components\\dictionary.js',
    'E:\\BaseProject\\server\\node_modules\\pinus\\dist\\lib\\pinus.js',
    'E:\\BaseProject\\server\\node_modules\\pinus\\dist\\lib\\index.js',
    'E:\\BaseProject\\server\\dist\\app.js'
  ]
}
[2020-09-21T14:05:21.208] [INFO] pinus - [club-server-1 application.js] application inited: "club-server-1"
[2020-09-21T14:05:21.214] [INFO] pinus - [club-server-1 application.js] "club-server-1" enter before start...
[2020-09-21T14:05:21.215] [INFO] pinus - [club-server-1 application.js] "club-server-1" enter start...
[2020-09-21T14:05:21.259] [ERROR] logger - [club-server-1 console] club-server-1Error: 
    at Logger.pLogger.<computed> [as error] (E:\BaseProject\server\node_modules\pinus-logger\lib\logger.ts:70:34)
    at process.<anonymous> (E:\BaseProject\server\preload.ts:33:17)
    at process.emit (events.js:315:20)
    at process._fatalException (internal/process/execution.js:165:25) uncaughtException Caught exception:  Error: Cannot find module 'mysql'
Require stack:
- E:\BaseProject\server\dist\app\repositories\database.js
- E:\BaseProject\server\dist\app\repositories\accountDB.js
- E:\BaseProject\server\dist\app\repositories\dbManager.js
- E:\BaseProject\server\dist\app\servers\club\remote\clubRemote.js
- E:\BaseProject\server\node_modules\pinus-loader\dist\lib\loader.js
- E:\BaseProject\server\node_modules\pinus-loader\dist\index.js
- E:\BaseProject\server\node_modules\pinus\dist\lib\components\dictionary.js
- E:\BaseProject\server\node_modules\pinus\dist\lib\pinus.js
- E:\BaseProject\server\node_modules\pinus\dist\lib\index.js
- E:\BaseProject\server\dist\app.js
    at Function.Module._resolveFilename (internal/modules/cjs/loader.js:966:15)
    at Function.Module._load (internal/modules/cjs/loader.js:842:27)
    at Module.require (internal/modules/cjs/loader.js:1026:19)
    at require (internal/modules/cjs/helpers.js:72:18)
    at Object.<anonymous> (E:\BaseProject\server\app\repositories\database.ts:1:15)
    at Module._compile (internal/modules/cjs/loader.js:1138:30)
    at Object.Module._extensions..js (internal/modules/cjs/loader.js:1158:10)
    at Module.load (internal/modules/cjs/loader.js:986:32)
    at Function.Module._load (internal/modules/cjs/loader.js:879:14)
    at Module.require (internal/modules/cjs/loader.js:1026:19)
    at require (internal/modules/cjs/helpers.js:72:18)
    at Object.<anonymous> (E:\BaseProject\server\app\repositories\accountDB.ts:2:1)
    at Module._compile (internal/modules/cjs/loader.js:1138:30)
    at Object.Module._extensions..js (internal/modules/cjs/loader.js:1158:10)
    at Module.load (internal/modules/cjs/loader.js:986:32)
    at Function.Module._load (internal/modules/cjs/loader.js:879:14) {
  code: 'MODULE_NOT_FOUND',
  requireStack: [
    'E:\\BaseProject\\server\\dist\\app\\repositories\\database.js',
    'E:\\BaseProject\\server\\dist\\app\\repositories\\accountDB.js',
    'E:\\BaseProject\\server\\dist\\app\\repositories\\dbManager.js',
    'E:\\BaseProject\\server\\dist\\app\\servers\\club\\remote\\clubRemote.js',
    'E:\\BaseProject\\server\\node_modules\\pinus-loader\\dist\\lib\\loader.js',
    'E:\\BaseProject\\server\\node_modules\\pinus-loader\\dist\\index.js',
    'E:\\BaseProject\\server\\node_modules\\pinus\\dist\\lib\\components\\dictionary.js',
    'E:\\BaseProject\\server\\node_modules\\pinus\\dist\\lib\\pinus.js',
    'E:\\BaseProject\\server\\node_modules\\pinus\\dist\\lib\\index.js',
    'E:\\BaseProject\\server\\dist\\app.js'
  ]
}
[2020-09-21T14:12:11.789] [INFO] pinus - [club-server-1 application.js] application inited: "club-server-1"
[2020-09-21T14:12:11.795] [INFO] pinus - [club-server-1 application.js] "club-server-1" enter before start...
[2020-09-21T14:12:11.796] [INFO] pinus - [club-server-1 application.js] "club-server-1" enter start...
[2020-09-21T14:12:11.817] [INFO] pinus-admin - [club-server-1 consoleService.js] try to connect master: "club", "127.0.0.1", 3005
[2020-09-21T14:12:11.901] [INFO] pinus - [club-server-1 application.js] "club-server-1" enter after start...
[2020-09-21T14:12:11.902] [INFO] pinus - [club-server-1 application.js] "club-server-1" finish start
[2020-09-21T14:12:11.903] [INFO] pinus - [club-server-1 application.js] "club-server-1" startup in 110 ms
[2020-09-21T14:13:26.368] [INFO] pinus - [club-server-1 application.js] application inited: "club-server-1"
[2020-09-21T14:13:26.374] [INFO] pinus - [club-server-1 application.js] "club-server-1" enter before start...
[2020-09-21T14:13:26.374] [INFO] pinus - [club-server-1 application.js] "club-server-1" enter start...
[2020-09-21T14:13:26.393] [INFO] pinus-admin - [club-server-1 consoleService.js] try to connect master: "club", "127.0.0.1", 3005
[2020-09-21T14:13:26.464] [INFO] pinus - [club-server-1 application.js] "club-server-1" enter after start...
[2020-09-21T14:13:26.466] [INFO] pinus - [club-server-1 application.js] "club-server-1" finish start
[2020-09-21T14:13:26.466] [INFO] pinus - [club-server-1 application.js] "club-server-1" startup in 95 ms
[2020-09-21T14:14:29.747] [INFO] pinus - [club-server-1 application.js] application inited: "club-server-1"
[2020-09-21T14:14:29.753] [INFO] pinus - [club-server-1 application.js] "club-server-1" enter before start...
[2020-09-21T14:14:29.754] [INFO] pinus - [club-server-1 application.js] "club-server-1" enter start...
[2020-09-21T14:14:29.770] [INFO] pinus-admin - [club-server-1 consoleService.js] try to connect master: "club", "127.0.0.1", 3005
[2020-09-21T14:14:29.818] [INFO] pinus - [club-server-1 application.js] "club-server-1" enter after start...
[2020-09-21T14:14:29.820] [INFO] pinus - [club-server-1 application.js] "club-server-1" finish start
[2020-09-21T14:14:29.820] [INFO] pinus - [club-server-1 application.js] "club-server-1" startup in 70 ms
[2020-09-21T14:22:44.090] [INFO] pinus - [club-server-1 application.js] application inited: "club-server-1"
[2020-09-21T14:22:44.096] [INFO] pinus - [club-server-1 application.js] "club-server-1" enter before start...
[2020-09-21T14:22:44.096] [INFO] pinus - [club-server-1 application.js] "club-server-1" enter start...
[2020-09-21T14:22:44.118] [INFO] pinus-admin - [club-server-1 consoleService.js] try to connect master: "club", "127.0.0.1", 3005
[2020-09-21T14:22:44.218] [INFO] pinus - [club-server-1 application.js] "club-server-1" enter after start...
[2020-09-21T14:22:44.219] [INFO] pinus - [club-server-1 application.js] "club-server-1" finish start
[2020-09-21T14:22:44.220] [INFO] pinus - [club-server-1 application.js] "club-server-1" startup in 127 ms
[2020-09-21T14:33:45.044] [INFO] pinus - [club-server-1 application.js] application inited: "club-server-1"
[2020-09-21T14:33:45.050] [INFO] pinus - [club-server-1 application.js] "club-server-1" enter before start...
[2020-09-21T14:33:45.051] [INFO] pinus - [club-server-1 application.js] "club-server-1" enter start...
[2020-09-21T14:33:45.069] [INFO] pinus-admin - [club-server-1 consoleService.js] try to connect master: "club", "127.0.0.1", 3005
[2020-09-21T14:33:45.132] [INFO] pinus - [club-server-1 application.js] "club-server-1" enter after start...
[2020-09-21T14:33:45.133] [INFO] pinus - [club-server-1 application.js] "club-server-1" finish start
[2020-09-21T14:33:45.134] [INFO] pinus - [club-server-1 application.js] "club-server-1" startup in 87 ms
[2020-09-21T14:38:26.462] [INFO] pinus - [club-server-1 application.js] application inited: "club-server-1"
[2020-09-21T14:38:26.467] [INFO] pinus - [club-server-1 application.js] "club-server-1" enter before start...
[2020-09-21T14:38:26.468] [INFO] pinus - [club-server-1 application.js] "club-server-1" enter start...
[2020-09-21T14:38:26.484] [INFO] pinus-admin - [club-server-1 consoleService.js] try to connect master: "club", "127.0.0.1", 3005
[2020-09-21T14:38:26.523] [INFO] pinus - [club-server-1 application.js] "club-server-1" enter after start...
[2020-09-21T14:38:26.524] [INFO] pinus - [club-server-1 application.js] "club-server-1" finish start
[2020-09-21T14:38:26.525] [INFO] pinus - [club-server-1 application.js] "club-server-1" startup in 60 ms
[2020-09-21T14:55:49.320] [INFO] pinus - [club-server-1 application.js] application inited: "club-server-1"
[2020-09-21T14:55:49.325] [INFO] pinus - [club-server-1 application.js] "club-server-1" enter before start...
[2020-09-21T14:55:49.326] [INFO] pinus - [club-server-1 application.js] "club-server-1" enter start...
[2020-09-21T14:55:49.342] [INFO] pinus-admin - [club-server-1 consoleService.js] try to connect master: "club", "127.0.0.1", 3005
[2020-09-21T14:55:49.387] [INFO] pinus - [club-server-1 application.js] "club-server-1" enter after start...
[2020-09-21T14:55:49.388] [INFO] pinus - [club-server-1 application.js] "club-server-1" finish start
[2020-09-21T14:55:49.388] [INFO] pinus - [club-server-1 application.js] "club-server-1" startup in 66 ms
[2020-09-21T14:57:53.133] [INFO] pinus - [club-server-1 application.js] application inited: "club-server-1"
[2020-09-21T14:57:53.140] [INFO] pinus - [club-server-1 application.js] "club-server-1" enter before start...
[2020-09-21T14:57:53.140] [INFO] pinus - [club-server-1 application.js] "club-server-1" enter start...
[2020-09-21T14:57:53.160] [INFO] pinus-admin - [club-server-1 consoleService.js] try to connect master: "club", "127.0.0.1", 3005
[2020-09-21T14:57:53.224] [INFO] pinus - [club-server-1 application.js] "club-server-1" enter after start...
[2020-09-21T14:57:53.225] [INFO] pinus - [club-server-1 application.js] "club-server-1" finish start
[2020-09-21T14:57:53.225] [INFO] pinus - [club-server-1 application.js] "club-server-1" startup in 89 ms
[2020-09-21T15:02:53.294] [INFO] pinus - [club-server-1 application.js] application inited: "club-server-1"
[2020-09-21T15:02:53.300] [INFO] pinus - [club-server-1 application.js] "club-server-1" enter before start...
[2020-09-21T15:02:53.300] [INFO] pinus - [club-server-1 application.js] "club-server-1" enter start...
[2020-09-21T15:02:53.324] [INFO] pinus-admin - [club-server-1 consoleService.js] try to connect master: "club", "127.0.0.1", 3005
[2020-09-21T15:02:53.390] [INFO] pinus - [club-server-1 application.js] "club-server-1" enter after start...
[2020-09-21T15:02:53.393] [INFO] pinus - [club-server-1 application.js] "club-server-1" finish start
[2020-09-21T15:02:53.393] [INFO] pinus - [club-server-1 application.js] "club-server-1" startup in 96 ms
[2020-09-21T15:06:00.325] [INFO] pinus - [club-server-1 application.js] application inited: "club-server-1"
[2020-09-21T15:06:00.334] [INFO] pinus - [club-server-1 application.js] "club-server-1" enter before start...
[2020-09-21T15:06:00.335] [INFO] pinus - [club-server-1 application.js] "club-server-1" enter start...
[2020-09-21T15:06:00.356] [INFO] pinus-admin - [club-server-1 consoleService.js] try to connect master: "club", "127.0.0.1", 3005
[2020-09-21T15:06:00.454] [INFO] pinus - [club-server-1 application.js] "club-server-1" enter after start...
[2020-09-21T15:06:00.456] [INFO] pinus - [club-server-1 application.js] "club-server-1" finish start
[2020-09-21T15:06:00.456] [INFO] pinus - [club-server-1 application.js] "club-server-1" startup in 127 ms
[2020-09-21T15:10:22.441] [INFO] pinus - [club-server-1 application.js] application inited: "club-server-1"
[2020-09-21T15:10:22.448] [INFO] pinus - [club-server-1 application.js] "club-server-1" enter before start...
[2020-09-21T15:10:22.449] [INFO] pinus - [club-server-1 application.js] "club-server-1" enter start...
[2020-09-21T15:10:22.468] [INFO] pinus-admin - [club-server-1 consoleService.js] try to connect master: "club", "127.0.0.1", 3005
[2020-09-21T15:10:22.521] [INFO] pinus - [club-server-1 application.js] "club-server-1" enter after start...
[2020-09-21T15:10:22.522] [INFO] pinus - [club-server-1 application.js] "club-server-1" finish start
[2020-09-21T15:10:22.523] [INFO] pinus - [club-server-1 application.js] "club-server-1" startup in 79 ms
[2020-09-21T15:11:59.962] [INFO] pinus - [club-server-1 application.js] application inited: "club-server-1"
[2020-09-21T15:11:59.967] [INFO] pinus - [club-server-1 application.js] "club-server-1" enter before start...
[2020-09-21T15:11:59.968] [INFO] pinus - [club-server-1 application.js] "club-server-1" enter start...
[2020-09-21T15:11:59.985] [INFO] pinus-admin - [club-server-1 consoleService.js] try to connect master: "club", "127.0.0.1", 3005
[2020-09-21T15:12:00.037] [INFO] pinus - [club-server-1 application.js] "club-server-1" enter after start...
[2020-09-21T15:12:00.038] [INFO] pinus - [club-server-1 application.js] "club-server-1" finish start
[2020-09-21T15:12:00.039] [INFO] pinus - [club-server-1 application.js] "club-server-1" startup in 74 ms
[2020-09-21T15:25:14.306] [INFO] pinus - [club-server-1 application.js] application inited: "club-server-1"
[2020-09-21T15:25:14.312] [INFO] pinus - [club-server-1 application.js] "club-server-1" enter before start...
[2020-09-21T15:25:14.313] [INFO] pinus - [club-server-1 application.js] "club-server-1" enter start...
[2020-09-21T15:25:14.332] [INFO] pinus-admin - [club-server-1 consoleService.js] try to connect master: "club", "127.0.0.1", 3005
[2020-09-21T15:25:14.385] [INFO] pinus - [club-server-1 application.js] "club-server-1" enter after start...
[2020-09-21T15:25:14.386] [INFO] pinus - [club-server-1 application.js] "club-server-1" finish start
[2020-09-21T15:25:14.386] [INFO] pinus - [club-server-1 application.js] "club-server-1" startup in 77 ms
[2020-09-21T15:26:30.292] [INFO] pinus - [club-server-1 application.js] application inited: "club-server-1"
[2020-09-21T15:26:30.297] [INFO] pinus - [club-server-1 application.js] "club-server-1" enter before start...
[2020-09-21T15:26:30.297] [INFO] pinus - [club-server-1 application.js] "club-server-1" enter start...
[2020-09-21T15:26:30.315] [INFO] pinus-admin - [club-server-1 consoleService.js] try to connect master: "club", "127.0.0.1", 3005
[2020-09-21T15:26:30.366] [INFO] pinus - [club-server-1 application.js] "club-server-1" enter after start...
[2020-09-21T15:26:30.367] [INFO] pinus - [club-server-1 application.js] "club-server-1" finish start
[2020-09-21T15:26:30.368] [INFO] pinus - [club-server-1 application.js] "club-server-1" startup in 74 ms
[2020-09-21T15:53:32.491] [INFO] pinus - [club-server-1 application.js] application inited: "club-server-1"
[2020-09-21T15:53:32.496] [INFO] pinus - [club-server-1 application.js] "club-server-1" enter before start...
[2020-09-21T15:53:32.496] [INFO] pinus - [club-server-1 application.js] "club-server-1" enter start...
[2020-09-21T15:53:32.514] [INFO] pinus-admin - [club-server-1 consoleService.js] try to connect master: "club", "127.0.0.1", 3005
[2020-09-21T15:53:32.570] [INFO] pinus - [club-server-1 application.js] "club-server-1" enter after start...
[2020-09-21T15:53:32.571] [INFO] pinus - [club-server-1 application.js] "club-server-1" finish start
[2020-09-21T15:53:32.572] [INFO] pinus - [club-server-1 application.js] "club-server-1" startup in 79 ms
[2020-09-21T15:54:23.559] [INFO] pinus - [club-server-1 application.js] application inited: "club-server-1"
[2020-09-21T15:54:23.566] [INFO] pinus - [club-server-1 application.js] "club-server-1" enter before start...
[2020-09-21T15:54:23.567] [INFO] pinus - [club-server-1 application.js] "club-server-1" enter start...
[2020-09-21T15:54:23.598] [INFO] pinus-admin - [club-server-1 consoleService.js] try to connect master: "club", "127.0.0.1", 3005
[2020-09-21T15:54:23.659] [INFO] pinus - [club-server-1 application.js] "club-server-1" enter after start...
[2020-09-21T15:54:23.660] [INFO] pinus - [club-server-1 application.js] "club-server-1" finish start
[2020-09-21T15:54:23.661] [INFO] pinus - [club-server-1 application.js] "club-server-1" startup in 98 ms
[2020-09-21T15:57:55.494] [INFO] pinus - [club-server-1 application.js] application inited: "club-server-1"
[2020-09-21T15:57:55.502] [INFO] pinus - [club-server-1 application.js] "club-server-1" enter before start...
[2020-09-21T15:57:55.503] [INFO] pinus - [club-server-1 application.js] "club-server-1" enter start...
[2020-09-21T15:57:55.528] [INFO] pinus-admin - [club-server-1 consoleService.js] try to connect master: "club", "127.0.0.1", 3005
[2020-09-21T15:57:55.617] [INFO] pinus - [club-server-1 application.js] "club-server-1" enter after start...
[2020-09-21T15:57:55.618] [INFO] pinus - [club-server-1 application.js] "club-server-1" finish start
[2020-09-21T15:57:55.619] [INFO] pinus - [club-server-1 application.js] "club-server-1" startup in 122 ms
[2020-09-21T15:58:10.064] [INFO] pinus - [club-server-1 application.js] application inited: "club-server-1"
[2020-09-21T15:58:10.073] [INFO] pinus - [club-server-1 application.js] "club-server-1" enter before start...
[2020-09-21T15:58:10.074] [INFO] pinus - [club-server-1 application.js] "club-server-1" enter start...
[2020-09-21T15:58:10.119] [INFO] pinus-admin - [club-server-1 consoleService.js] try to connect master: "club", "127.0.0.1", 3005
[2020-09-21T15:58:10.184] [INFO] pinus - [club-server-1 application.js] "club-server-1" enter after start...
[2020-09-21T15:58:10.185] [INFO] pinus - [club-server-1 application.js] "club-server-1" finish start
[2020-09-21T15:58:10.186] [INFO] pinus - [club-server-1 application.js] "club-server-1" startup in 116 ms
[2020-09-21T16:40:51.002] [INFO] pinus - [club-server-1 application.js] application inited: "club-server-1"
[2020-09-21T16:40:51.008] [INFO] pinus - [club-server-1 application.js] "club-server-1" enter before start...
[2020-09-21T16:40:51.009] [INFO] pinus - [club-server-1 application.js] "club-server-1" enter start...
[2020-09-21T16:40:51.029] [INFO] pinus-admin - [club-server-1 consoleService.js] try to connect master: "club", "127.0.0.1", 3005
[2020-09-21T16:40:51.087] [INFO] pinus - [club-server-1 application.js] "club-server-1" enter after start...
[2020-09-21T16:40:51.088] [INFO] pinus - [club-server-1 application.js] "club-server-1" finish start
[2020-09-21T16:40:51.088] [INFO] pinus - [club-server-1 application.js] "club-server-1" startup in 83 ms
[2020-09-21T16:57:04.000] [INFO] pinus - [club-server-1 application.js] application inited: "club-server-1"
[2020-09-21T16:57:04.008] [INFO] pinus - [club-server-1 application.js] "club-server-1" enter before start...
[2020-09-21T16:57:04.008] [INFO] pinus - [club-server-1 application.js] "club-server-1" enter start...
[2020-09-21T16:57:04.028] [INFO] pinus-admin - [club-server-1 consoleService.js] try to connect master: "club", "127.0.0.1", 3005
[2020-09-21T16:57:04.113] [INFO] pinus - [club-server-1 application.js] "club-server-1" enter after start...
[2020-09-21T16:57:04.117] [INFO] pinus - [club-server-1 application.js] "club-server-1" finish start
[2020-09-21T16:57:04.118] [INFO] pinus - [club-server-1 application.js] "club-server-1" startup in 115 ms
[2020-09-21T17:16:29.033] [INFO] pinus - [club-server-1 application.js] application inited: "club-server-1"
[2020-09-21T17:16:29.045] [INFO] pinus - [club-server-1 application.js] "club-server-1" enter before start...
[2020-09-21T17:16:29.046] [INFO] pinus - [club-server-1 application.js] "club-server-1" enter start...
[2020-09-21T17:16:29.080] [INFO] pinus-admin - [club-server-1 consoleService.js] try to connect master: "club", "127.0.0.1", 3005
[2020-09-21T17:16:29.141] [INFO] pinus - [club-server-1 application.js] "club-server-1" enter after start...
[2020-09-21T17:16:29.143] [INFO] pinus - [club-server-1 application.js] "club-server-1" finish start
[2020-09-21T17:16:29.144] [INFO] pinus - [club-server-1 application.js] "club-server-1" startup in 107 ms
[2020-09-21T17:30:43.286] [INFO] pinus - [club-server-1 application.js] application inited: "club-server-1"
[2020-09-21T17:30:43.293] [INFO] pinus - [club-server-1 application.js] "club-server-1" enter before start...
[2020-09-21T17:30:43.294] [INFO] pinus - [club-server-1 application.js] "club-server-1" enter start...
[2020-09-21T17:30:43.316] [INFO] pinus-admin - [club-server-1 consoleService.js] try to connect master: "club", "127.0.0.1", 3005
[2020-09-21T17:30:43.367] [INFO] pinus - [club-server-1 application.js] "club-server-1" enter after start...
[2020-09-21T17:30:43.368] [INFO] pinus - [club-server-1 application.js] "club-server-1" finish start
[2020-09-21T17:30:43.368] [INFO] pinus - [club-server-1 application.js] "club-server-1" startup in 78 ms
[2020-09-21T18:07:42.409] [INFO] pinus - [club-server-1 application.js] application inited: "club-server-1"
[2020-09-21T18:07:42.416] [INFO] pinus - [club-server-1 application.js] "club-server-1" enter before start...
[2020-09-21T18:07:42.420] [INFO] pinus - [club-server-1 application.js] "club-server-1" enter start...
[2020-09-21T18:07:42.443] [INFO] pinus-admin - [club-server-1 consoleService.js] try to connect master: "club", "127.0.0.1", 3005
[2020-09-21T18:07:42.492] [INFO] pinus - [club-server-1 application.js] "club-server-1" enter after start...
[2020-09-21T18:07:42.493] [INFO] pinus - [club-server-1 application.js] "club-server-1" finish start
[2020-09-21T18:07:42.493] [INFO] pinus - [club-server-1 application.js] "club-server-1" startup in 81 ms
[2020-09-21T18:50:25.593] [INFO] pinus - [club-server-1 application.js] application inited: "club-server-1"
[2020-09-21T18:50:25.598] [INFO] pinus - [club-server-1 application.js] "club-server-1" enter before start...
[2020-09-21T18:50:25.600] [INFO] pinus - [club-server-1 application.js] "club-server-1" enter start...
[2020-09-21T18:50:25.621] [INFO] pinus-admin - [club-server-1 consoleService.js] try to connect master: "club", "127.0.0.1", 3005
[2020-09-21T18:50:25.674] [INFO] pinus - [club-server-1 application.js] "club-server-1" enter after start...
[2020-09-21T18:50:25.675] [INFO] pinus - [club-server-1 application.js] "club-server-1" finish start
[2020-09-21T18:50:25.676] [INFO] pinus - [club-server-1 application.js] "club-server-1" startup in 81 ms
[2020-09-22T10:14:29.256] [INFO] pinus - [club-server-1 application.js] application inited: "club-server-1"
[2020-09-22T10:14:29.262] [INFO] pinus - [club-server-1 application.js] "club-server-1" enter before start...
[2020-09-22T10:14:29.262] [INFO] pinus - [club-server-1 application.js] "club-server-1" enter start...
[2020-09-22T10:14:29.278] [INFO] pinus-admin - [club-server-1 consoleService.js] try to connect master: "club", "127.0.0.1", 3005
[2020-09-22T10:14:29.319] [INFO] pinus - [club-server-1 application.js] "club-server-1" enter after start...
[2020-09-22T10:14:29.320] [INFO] pinus - [club-server-1 application.js] "club-server-1" finish start
[2020-09-22T10:14:29.320] [INFO] pinus - [club-server-1 application.js] "club-server-1" startup in 61 ms
[2020-09-22T10:16:35.337] [INFO] pinus - [club-server-1 application.js] application inited: "club-server-1"
[2020-09-22T10:16:35.344] [INFO] pinus - [club-server-1 application.js] "club-server-1" enter before start...
[2020-09-22T10:16:35.345] [INFO] pinus - [club-server-1 application.js] "club-server-1" enter start...
[2020-09-22T10:16:35.401] [INFO] pinus-admin - [club-server-1 consoleService.js] try to connect master: "club", "127.0.0.1", 3005
[2020-09-22T10:16:35.461] [INFO] pinus - [club-server-1 application.js] "club-server-1" enter after start...
[2020-09-22T10:16:35.463] [INFO] pinus - [club-server-1 application.js] "club-server-1" finish start
[2020-09-22T10:16:35.463] [INFO] pinus - [club-server-1 application.js] "club-server-1" startup in 122 ms
[2020-09-22T10:18:58.980] [INFO] pinus - [club-server-1 application.js] application inited: "club-server-1"
[2020-09-22T10:18:58.992] [INFO] pinus - [club-server-1 application.js] "club-server-1" enter before start...
[2020-09-22T10:18:59.001] [INFO] pinus - [club-server-1 application.js] "club-server-1" enter start...
[2020-09-22T10:18:59.035] [INFO] pinus-admin - [club-server-1 consoleService.js] try to connect master: "club", "127.0.0.1", 3005
[2020-09-22T10:18:59.105] [INFO] pinus - [club-server-1 application.js] "club-server-1" enter after start...
[2020-09-22T10:18:59.106] [INFO] pinus - [club-server-1 application.js] "club-server-1" finish start
[2020-09-22T10:18:59.107] [INFO] pinus - [club-server-1 application.js] "club-server-1" startup in 118 ms
[2020-09-22T10:34:54.430] [INFO] pinus - [club-server-1 application.js] application inited: "club-server-1"
[2020-09-22T10:34:54.435] [INFO] pinus - [club-server-1 application.js] "club-server-1" enter before start...
[2020-09-22T10:34:54.438] [INFO] pinus - [club-server-1 application.js] "club-server-1" enter start...
[2020-09-22T10:34:54.465] [INFO] pinus-admin - [club-server-1 consoleService.js] try to connect master: "club", "127.0.0.1", 3005
[2020-09-22T10:34:54.530] [INFO] pinus - [club-server-1 application.js] "club-server-1" enter after start...
[2020-09-22T10:34:54.531] [INFO] pinus - [club-server-1 application.js] "club-server-1" finish start
[2020-09-22T10:34:54.532] [INFO] pinus - [club-server-1 application.js] "club-server-1" startup in 99 ms
[2020-09-22T10:42:26.482] [INFO] pinus - [club-server-1 application.js] application inited: "club-server-1"
[2020-09-22T10:42:26.487] [INFO] pinus - [club-server-1 application.js] "club-server-1" enter before start...
[2020-09-22T10:42:26.488] [INFO] pinus - [club-server-1 application.js] "club-server-1" enter start...
[2020-09-22T10:42:26.508] [INFO] pinus-admin - [club-server-1 consoleService.js] try to connect master: "club", "127.0.0.1", 3005
[2020-09-22T10:42:26.598] [INFO] pinus - [club-server-1 application.js] "club-server-1" enter after start...
[2020-09-22T10:42:26.600] [INFO] pinus - [club-server-1 application.js] "club-server-1" finish start
[2020-09-22T10:42:26.600] [INFO] pinus - [club-server-1 application.js] "club-server-1" startup in 116 ms
[2020-09-22T10:50:09.432] [INFO] pinus - [club-server-1 application.js] application inited: "club-server-1"
[2020-09-22T10:50:09.437] [INFO] pinus - [club-server-1 application.js] "club-server-1" enter before start...
[2020-09-22T10:50:09.438] [INFO] pinus - [club-server-1 application.js] "club-server-1" enter start...
[2020-09-22T10:50:09.464] [INFO] pinus-admin - [club-server-1 consoleService.js] try to connect master: "club", "127.0.0.1", 3005
[2020-09-22T10:50:09.522] [INFO] pinus - [club-server-1 application.js] "club-server-1" enter after start...
[2020-09-22T10:50:09.524] [INFO] pinus - [club-server-1 application.js] "club-server-1" finish start
[2020-09-22T10:50:09.524] [INFO] pinus - [club-server-1 application.js] "club-server-1" startup in 90 ms
[2020-09-22T10:54:15.910] [INFO] pinus - [club-server-1 application.js] application inited: "club-server-1"
[2020-09-22T10:54:15.916] [INFO] pinus - [club-server-1 application.js] "club-server-1" enter before start...
[2020-09-22T10:54:15.916] [INFO] pinus - [club-server-1 application.js] "club-server-1" enter start...
[2020-09-22T10:54:15.947] [INFO] pinus-admin - [club-server-1 consoleService.js] try to connect master: "club", "127.0.0.1", 3005
[2020-09-22T10:54:16.019] [INFO] pinus - [club-server-1 application.js] "club-server-1" enter after start...
[2020-09-22T10:54:16.020] [INFO] pinus - [club-server-1 application.js] "club-server-1" finish start
[2020-09-22T10:54:16.020] [INFO] pinus - [club-server-1 application.js] "club-server-1" startup in 107 ms
[2020-09-22T11:35:07.311] [INFO] pinus - [club-server-1 application.js] application inited: "club-server-1"
[2020-09-22T11:35:07.319] [INFO] pinus - [club-server-1 application.js] "club-server-1" enter before start...
[2020-09-22T11:35:07.320] [INFO] pinus - [club-server-1 application.js] "club-server-1" enter start...
[2020-09-22T11:35:07.352] [INFO] pinus-admin - [club-server-1 consoleService.js] try to connect master: "club", "127.0.0.1", 3005
[2020-09-22T11:35:07.441] [INFO] pinus - [club-server-1 application.js] "club-server-1" enter after start...
[2020-09-22T11:35:07.443] [INFO] pinus - [club-server-1 application.js] "club-server-1" finish start
[2020-09-22T11:35:07.449] [INFO] pinus - [club-server-1 application.js] "club-server-1" startup in 134 ms
[2020-09-22T11:37:32.368] [INFO] pinus - [club-server-1 application.js] application inited: "club-server-1"
[2020-09-22T11:37:32.375] [INFO] pinus - [club-server-1 application.js] "club-server-1" enter before start...
[2020-09-22T11:37:32.376] [INFO] pinus - [club-server-1 application.js] "club-server-1" enter start...
[2020-09-22T11:37:32.395] [INFO] pinus-admin - [club-server-1 consoleService.js] try to connect master: "club", "127.0.0.1", 3005
[2020-09-22T11:37:32.445] [INFO] pinus - [club-server-1 application.js] "club-server-1" enter after start...
[2020-09-22T11:37:32.446] [INFO] pinus - [club-server-1 application.js] "club-server-1" finish start
[2020-09-22T11:37:32.446] [INFO] pinus - [club-server-1 application.js] "club-server-1" startup in 76 ms
[2020-09-22T11:42:58.464] [INFO] pinus - [club-server-1 application.js] application inited: "club-server-1"
[2020-09-22T11:42:58.470] [INFO] pinus - [club-server-1 application.js] "club-server-1" enter before start...
[2020-09-22T11:42:58.470] [INFO] pinus - [club-server-1 application.js] "club-server-1" enter start...
[2020-09-22T11:42:58.497] [INFO] pinus-admin - [club-server-1 consoleService.js] try to connect master: "club", "127.0.0.1", 3005
[2020-09-22T11:42:58.544] [INFO] pinus - [club-server-1 application.js] "club-server-1" enter after start...
[2020-09-22T11:42:58.545] [INFO] pinus - [club-server-1 application.js] "club-server-1" finish start
[2020-09-22T11:42:58.545] [INFO] pinus - [club-server-1 application.js] "club-server-1" startup in 79 ms
[2020-09-22T11:45:45.160] [INFO] pinus - [club-server-1 application.js] application inited: "club-server-1"
[2020-09-22T11:45:45.165] [INFO] pinus - [club-server-1 application.js] "club-server-1" enter before start...
[2020-09-22T11:45:45.165] [INFO] pinus - [club-server-1 application.js] "club-server-1" enter start...
[2020-09-22T11:45:45.183] [INFO] pinus-admin - [club-server-1 consoleService.js] try to connect master: "club", "127.0.0.1", 3005
[2020-09-22T11:45:45.258] [INFO] pinus - [club-server-1 application.js] "club-server-1" enter after start...
[2020-09-22T11:45:45.261] [INFO] pinus - [club-server-1 application.js] "club-server-1" finish start
[2020-09-22T11:45:45.262] [INFO] pinus - [club-server-1 application.js] "club-server-1" startup in 100 ms
[2020-09-22T11:47:22.945] [INFO] pinus - [club-server-1 application.js] application inited: "club-server-1"
[2020-09-22T11:47:22.952] [INFO] pinus - [club-server-1 application.js] "club-server-1" enter before start...
[2020-09-22T11:47:22.953] [INFO] pinus - [club-server-1 application.js] "club-server-1" enter start...
[2020-09-22T11:47:22.983] [INFO] pinus-admin - [club-server-1 consoleService.js] try to connect master: "club", "127.0.0.1", 3005
[2020-09-22T11:47:23.059] [INFO] pinus - [club-server-1 application.js] "club-server-1" enter after start...
[2020-09-22T11:47:23.060] [INFO] pinus - [club-server-1 application.js] "club-server-1" finish start
[2020-09-22T11:47:23.060] [INFO] pinus - [club-server-1 application.js] "club-server-1" startup in 111 ms
[2020-09-22T11:49:26.877] [INFO] pinus - [club-server-1 application.js] application inited: "club-server-1"
[2020-09-22T11:49:26.883] [INFO] pinus - [club-server-1 application.js] "club-server-1" enter before start...
[2020-09-22T11:49:26.884] [INFO] pinus - [club-server-1 application.js] "club-server-1" enter start...
[2020-09-22T11:49:26.902] [INFO] pinus-admin - [club-server-1 consoleService.js] try to connect master: "club", "127.0.0.1", 3005
[2020-09-22T11:49:27.037] [INFO] pinus - [club-server-1 application.js] "club-server-1" enter after start...
[2020-09-22T11:49:27.038] [INFO] pinus - [club-server-1 application.js] "club-server-1" finish start
[2020-09-22T11:49:27.038] [INFO] pinus - [club-server-1 application.js] "club-server-1" startup in 158 ms
[2020-09-22T11:51:12.677] [INFO] pinus - [club-server-1 application.js] application inited: "club-server-1"
[2020-09-22T11:51:12.694] [INFO] pinus - [club-server-1 application.js] "club-server-1" enter before start...
[2020-09-22T11:51:12.695] [INFO] pinus - [club-server-1 application.js] "club-server-1" enter start...
[2020-09-22T11:51:12.715] [INFO] pinus-admin - [club-server-1 consoleService.js] try to connect master: "club", "127.0.0.1", 3005
[2020-09-22T11:51:12.776] [INFO] pinus - [club-server-1 application.js] "club-server-1" enter after start...
[2020-09-22T11:51:12.777] [INFO] pinus - [club-server-1 application.js] "club-server-1" finish start
[2020-09-22T11:51:12.777] [INFO] pinus - [club-server-1 application.js] "club-server-1" startup in 86 ms
[2020-09-22T11:54:04.108] [INFO] pinus - [club-server-1 application.js] application inited: "club-server-1"
[2020-09-22T11:54:04.116] [INFO] pinus - [club-server-1 application.js] "club-server-1" enter before start...
[2020-09-22T11:54:04.117] [INFO] pinus - [club-server-1 application.js] "club-server-1" enter start...
[2020-09-22T11:54:04.177] [INFO] pinus-admin - [club-server-1 consoleService.js] try to connect master: "club", "127.0.0.1", 3005
[2020-09-22T11:54:04.255] [INFO] pinus - [club-server-1 application.js] "club-server-1" enter after start...
[2020-09-22T11:54:04.258] [INFO] pinus - [club-server-1 application.js] "club-server-1" finish start
[2020-09-22T11:54:04.261] [INFO] pinus - [club-server-1 application.js] "club-server-1" startup in 150 ms
[2020-09-22T11:55:29.844] [INFO] pinus - [club-server-1 application.js] application inited: "club-server-1"
[2020-09-22T11:55:29.849] [INFO] pinus - [club-server-1 application.js] "club-server-1" enter before start...
[2020-09-22T11:55:29.850] [INFO] pinus - [club-server-1 application.js] "club-server-1" enter start...
[2020-09-22T11:55:29.872] [INFO] pinus-admin - [club-server-1 consoleService.js] try to connect master: "club", "127.0.0.1", 3005
[2020-09-22T11:55:29.973] [INFO] pinus - [club-server-1 application.js] "club-server-1" enter after start...
[2020-09-22T11:55:29.974] [INFO] pinus - [club-server-1 application.js] "club-server-1" finish start
[2020-09-22T11:55:29.974] [INFO] pinus - [club-server-1 application.js] "club-server-1" startup in 127 ms
[2020-09-22T11:58:49.996] [INFO] pinus - [club-server-1 application.js] application inited: "club-server-1"
[2020-09-22T11:58:50.003] [INFO] pinus - [club-server-1 application.js] "club-server-1" enter before start...
[2020-09-22T11:58:50.004] [INFO] pinus - [club-server-1 application.js] "club-server-1" enter start...
[2020-09-22T11:58:50.042] [INFO] pinus-admin - [club-server-1 consoleService.js] try to connect master: "club", "127.0.0.1", 3005
[2020-09-22T11:58:50.103] [INFO] pinus - [club-server-1 application.js] "club-server-1" enter after start...
[2020-09-22T11:58:50.104] [INFO] pinus - [club-server-1 application.js] "club-server-1" finish start
[2020-09-22T11:58:50.105] [INFO] pinus - [club-server-1 application.js] "club-server-1" startup in 105 ms
[2020-09-22T12:03:08.343] [INFO] pinus - [club-server-1 application.js] application inited: "club-server-1"
[2020-09-22T12:03:08.350] [INFO] pinus - [club-server-1 application.js] "club-server-1" enter before start...
[2020-09-22T12:03:08.350] [INFO] pinus - [club-server-1 application.js] "club-server-1" enter start...
[2020-09-22T12:03:08.368] [INFO] pinus-admin - [club-server-1 consoleService.js] try to connect master: "club", "127.0.0.1", 3005
[2020-09-22T12:03:08.418] [INFO] pinus - [club-server-1 application.js] "club-server-1" enter after start...
[2020-09-22T12:03:08.419] [INFO] pinus - [club-server-1 application.js] "club-server-1" finish start
[2020-09-22T12:03:08.419] [INFO] pinus - [club-server-1 application.js] "club-server-1" startup in 72 ms
[2020-09-22T12:12:24.355] [INFO] pinus - [club-server-1 application.js] application inited: "club-server-1"
[2020-09-22T12:12:24.363] [INFO] pinus - [club-server-1 application.js] "club-server-1" enter before start...
[2020-09-22T12:12:24.363] [INFO] pinus - [club-server-1 application.js] "club-server-1" enter start...
[2020-09-22T12:12:24.387] [INFO] pinus-admin - [club-server-1 consoleService.js] try to connect master: "club", "127.0.0.1", 3005
[2020-09-22T12:12:24.450] [INFO] pinus - [club-server-1 application.js] "club-server-1" enter after start...
[2020-09-22T12:12:24.453] [INFO] pinus - [club-server-1 application.js] "club-server-1" finish start
[2020-09-22T12:12:24.459] [INFO] pinus - [club-server-1 application.js] "club-server-1" startup in 101 ms
[2020-09-22T14:34:44.331] [INFO] pinus - [club-server-1 application.js] application inited: "club-server-1"
[2020-09-22T14:34:44.337] [INFO] pinus - [club-server-1 application.js] "club-server-1" enter before start...
[2020-09-22T14:34:44.338] [INFO] pinus - [club-server-1 application.js] "club-server-1" enter start...
[2020-09-22T14:34:44.370] [INFO] pinus-admin - [club-server-1 consoleService.js] try to connect master: "club", "127.0.0.1", 3005
[2020-09-22T14:34:44.452] [INFO] pinus - [club-server-1 application.js] "club-server-1" enter after start...
[2020-09-22T14:34:44.454] [INFO] pinus - [club-server-1 application.js] "club-server-1" finish start
[2020-09-22T14:34:44.454] [INFO] pinus - [club-server-1 application.js] "club-server-1" startup in 120 ms
[2020-09-22T15:10:46.788] [INFO] pinus - [club-server-1 application.js] application inited: "club-server-1"
[2020-09-22T15:10:46.794] [INFO] pinus - [club-server-1 application.js] "club-server-1" enter before start...
[2020-09-22T15:10:46.795] [INFO] pinus - [club-server-1 application.js] "club-server-1" enter start...
[2020-09-22T15:10:46.840] [INFO] pinus-admin - [club-server-1 consoleService.js] try to connect master: "club", "127.0.0.1", 3005
[2020-09-22T15:10:46.928] [INFO] pinus - [club-server-1 application.js] "club-server-1" enter after start...
[2020-09-22T15:10:46.929] [INFO] pinus - [club-server-1 application.js] "club-server-1" finish start
[2020-09-22T15:10:46.929] [INFO] pinus - [club-server-1 application.js] "club-server-1" startup in 138 ms
[2020-09-22T15:36:15.486] [INFO] pinus - [club-server-1 application.js] application inited: "club-server-1"
[2020-09-22T15:36:15.493] [INFO] pinus - [club-server-1 application.js] "club-server-1" enter before start...
[2020-09-22T15:36:15.494] [INFO] pinus - [club-server-1 application.js] "club-server-1" enter start...
[2020-09-22T15:36:15.515] [INFO] pinus-admin - [club-server-1 consoleService.js] try to connect master: "club", "127.0.0.1", 3005
[2020-09-22T15:36:15.599] [INFO] pinus - [club-server-1 application.js] "club-server-1" enter after start...
[2020-09-22T15:36:15.600] [INFO] pinus - [club-server-1 application.js] "club-server-1" finish start
[2020-09-22T15:36:15.601] [INFO] pinus - [club-server-1 application.js] "club-server-1" startup in 111 ms
[2020-09-22T15:46:35.699] [INFO] pinus - [club-server-1 application.js] application inited: "club-server-1"
[2020-09-22T15:46:35.707] [INFO] pinus - [club-server-1 application.js] "club-server-1" enter before start...
[2020-09-22T15:46:35.711] [INFO] pinus - [club-server-1 application.js] "club-server-1" enter start...
[2020-09-22T15:46:35.736] [INFO] pinus-admin - [club-server-1 consoleService.js] try to connect master: "club", "127.0.0.1", 3005
[2020-09-22T15:46:35.814] [INFO] pinus - [club-server-1 application.js] "club-server-1" enter after start...
[2020-09-22T15:46:35.815] [INFO] pinus - [club-server-1 application.js] "club-server-1" finish start
[2020-09-22T15:46:35.815] [INFO] pinus - [club-server-1 application.js] "club-server-1" startup in 112 ms
[2020-09-22T15:58:53.195] [INFO] pinus - [club-server-1 application.js] application inited: "club-server-1"
[2020-09-22T15:58:53.204] [INFO] pinus - [club-server-1 application.js] "club-server-1" enter before start...
[2020-09-22T15:58:53.205] [INFO] pinus - [club-server-1 application.js] "club-server-1" enter start...
[2020-09-22T15:58:53.236] [INFO] pinus-admin - [club-server-1 consoleService.js] try to connect master: "club", "127.0.0.1", 3005
[2020-09-22T15:58:53.299] [INFO] pinus - [club-server-1 application.js] "club-server-1" enter after start...
[2020-09-22T15:58:53.300] [INFO] pinus - [club-server-1 application.js] "club-server-1" finish start
[2020-09-22T15:58:53.301] [INFO] pinus - [club-server-1 application.js] "club-server-1" startup in 103 ms
