[2020-09-21T14:00:57.392] [INFO] pinus - [gate-server-1 application.js] application inited: "gate-server-1"
[2020-09-21T14:00:57.398] [INFO] pinus - [gate-server-1 application.js] "gate-server-1" enter before start...
[2020-09-21T14:00:57.399] [INFO] pinus - [gate-server-1 application.js] "gate-server-1" enter start...
[2020-09-21T14:00:57.401] [INFO] pinus-admin - [gate-server-1 consoleService.js] try to connect master: "gate", "127.0.0.1", 3005
[2020-09-21T14:00:57.492] [INFO] pinus - [gate-server-1 application.js] "gate-server-1" enter after start...
[2020-09-21T14:00:57.495] [INFO] pinus - [gate-server-1 application.js] "gate-server-1" finish start
[2020-09-21T14:00:57.496] [INFO] pinus - [gate-server-1 application.js] "gate-server-1" startup in 101 ms
[2020-09-21T14:04:29.671] [INFO] pinus - [gate-server-1 application.js] application inited: "gate-server-1"
[2020-09-21T14:04:29.677] [INFO] pinus - [gate-server-1 application.js] "gate-server-1" enter before start...
[2020-09-21T14:04:29.677] [INFO] pinus - [gate-server-1 application.js] "gate-server-1" enter start...
[2020-09-21T14:04:29.680] [INFO] pinus-admin - [gate-server-1 consoleService.js] try to connect master: "gate", "127.0.0.1", 3005
[2020-09-21T14:04:29.740] [INFO] pinus - [gate-server-1 application.js] "gate-server-1" enter after start...
[2020-09-21T14:04:29.797] [ERROR] logger - [gate-server-1 console] gate-server-1Error: 
    at Logger.pLogger.<computed> [as error] (E:\BaseProject\server\node_modules\pinus-logger\lib\logger.ts:70:34)
    at process.<anonymous> (E:\BaseProject\server\preload.ts:33:17)
    at process.emit (events.js:315:20)
    at process._fatalException (internal/process/execution.js:165:25) uncaughtException Caught exception:  Error: listen EADDRINUSE: address already in use :::3014
    at Server.setupListenHandle [as _listen2] (net.js:1313:16)
    at listenInCluster (net.js:1361:12)
    at Server.listen (net.js:1447:7)
    at HybridConnector.start (E:\BaseProject\server\node_modules\pinus\lib\connectors\hybridconnector.ts:105:34)
    at ConnectorComponent.afterStart (E:\BaseProject\server\node_modules\pinus\lib\components\connector.ts:122:24)
    at E:\BaseProject\server\node_modules\pinus\lib\util\appUtil.ts:117:34
    at E:\BaseProject\server\node_modules\async\dist\async.js:2154:44
    at replenish (E:\BaseProject\server\node_modules\async\dist\async.js:440:21)
    at iterateeCallback (E:\BaseProject\server\node_modules\async\dist\async.js:424:21)
    at E:\BaseProject\server\node_modules\async\dist\async.js:321:20
    at E:\BaseProject\server\node_modules\pinus-rpc\lib\rpc-client\client.ts:218:13
    at E:\BaseProject\server\node_modules\pinus-rpc\lib\rpc-client\mailstation.ts:94:13
    at processTicksAndRejections (internal/process/task_queues.js:79:11) {
  code: 'EADDRINUSE',
  errno: 'EADDRINUSE',
  syscall: 'listen',
  address: '::',
  port: 3014
}
[2020-09-21T14:04:29.833] [INFO] pinus - [gate-server-1 application.js] "gate-server-1" finish start
[2020-09-21T14:04:29.833] [INFO] pinus - [gate-server-1 application.js] "gate-server-1" startup in 159 ms
[2020-09-21T14:05:20.586] [INFO] pinus - [gate-server-1 application.js] application inited: "gate-server-1"
[2020-09-21T14:05:20.592] [INFO] pinus - [gate-server-1 application.js] "gate-server-1" enter before start...
[2020-09-21T14:05:20.593] [INFO] pinus - [gate-server-1 application.js] "gate-server-1" enter start...
[2020-09-21T14:05:20.596] [INFO] pinus-admin - [gate-server-1 consoleService.js] try to connect master: "gate", "127.0.0.1", 3005
[2020-09-21T14:05:20.677] [INFO] pinus - [gate-server-1 application.js] "gate-server-1" enter after start...
[2020-09-21T14:05:20.695] [ERROR] logger - [gate-server-1 console] gate-server-1Error: 
    at Logger.pLogger.<computed> [as error] (E:\BaseProject\server\node_modules\pinus-logger\lib\logger.ts:70:34)
    at process.<anonymous> (E:\BaseProject\server\preload.ts:33:17)
    at process.emit (events.js:315:20)
    at process._fatalException (internal/process/execution.js:165:25) uncaughtException Caught exception:  Error: listen EADDRINUSE: address already in use :::3014
    at Server.setupListenHandle [as _listen2] (net.js:1313:16)
    at listenInCluster (net.js:1361:12)
    at Server.listen (net.js:1447:7)
    at HybridConnector.start (E:\BaseProject\server\node_modules\pinus\lib\connectors\hybridconnector.ts:105:34)
    at ConnectorComponent.afterStart (E:\BaseProject\server\node_modules\pinus\lib\components\connector.ts:122:24)
    at E:\BaseProject\server\node_modules\pinus\lib\util\appUtil.ts:117:34
    at E:\BaseProject\server\node_modules\async\dist\async.js:2154:44
    at replenish (E:\BaseProject\server\node_modules\async\dist\async.js:440:21)
    at iterateeCallback (E:\BaseProject\server\node_modules\async\dist\async.js:424:21)
    at E:\BaseProject\server\node_modules\async\dist\async.js:321:20
    at E:\BaseProject\server\node_modules\pinus-rpc\lib\rpc-client\client.ts:218:13
    at E:\BaseProject\server\node_modules\pinus-rpc\lib\rpc-client\mailstation.ts:94:13
    at processTicksAndRejections (internal/process/task_queues.js:79:11) {
  code: 'EADDRINUSE',
  errno: 'EADDRINUSE',
  syscall: 'listen',
  address: '::',
  port: 3014
}
[2020-09-21T14:05:20.717] [INFO] pinus - [gate-server-1 application.js] "gate-server-1" finish start
[2020-09-21T14:05:20.718] [INFO] pinus - [gate-server-1 application.js] "gate-server-1" startup in 128 ms
[2020-09-21T14:12:11.358] [INFO] pinus - [gate-server-1 application.js] application inited: "gate-server-1"
[2020-09-21T14:12:11.364] [INFO] pinus - [gate-server-1 application.js] "gate-server-1" enter before start...
[2020-09-21T14:12:11.365] [INFO] pinus - [gate-server-1 application.js] "gate-server-1" enter start...
[2020-09-21T14:12:11.367] [INFO] pinus-admin - [gate-server-1 consoleService.js] try to connect master: "gate", "127.0.0.1", 3005
[2020-09-21T14:12:11.425] [INFO] pinus - [gate-server-1 application.js] "gate-server-1" enter after start...
[2020-09-21T14:12:11.442] [ERROR] logger - [gate-server-1 console] gate-server-1Error: 
    at Logger.pLogger.<computed> [as error] (E:\BaseProject\server\node_modules\pinus-logger\lib\logger.ts:70:34)
    at process.<anonymous> (E:\BaseProject\server\preload.ts:33:17)
    at process.emit (events.js:315:20)
    at process._fatalException (internal/process/execution.js:165:25) uncaughtException Caught exception:  Error: listen EADDRINUSE: address already in use :::3014
    at Server.setupListenHandle [as _listen2] (net.js:1313:16)
    at listenInCluster (net.js:1361:12)
    at Server.listen (net.js:1447:7)
    at HybridConnector.start (E:\BaseProject\server\node_modules\pinus\lib\connectors\hybridconnector.ts:105:34)
    at ConnectorComponent.afterStart (E:\BaseProject\server\node_modules\pinus\lib\components\connector.ts:122:24)
    at E:\BaseProject\server\node_modules\pinus\lib\util\appUtil.ts:117:34
    at E:\BaseProject\server\node_modules\async\dist\async.js:2154:44
    at replenish (E:\BaseProject\server\node_modules\async\dist\async.js:440:21)
    at iterateeCallback (E:\BaseProject\server\node_modules\async\dist\async.js:424:21)
    at E:\BaseProject\server\node_modules\async\dist\async.js:321:20
    at E:\BaseProject\server\node_modules\pinus-rpc\lib\rpc-client\client.ts:218:13
    at E:\BaseProject\server\node_modules\pinus-rpc\lib\rpc-client\mailstation.ts:94:13
    at processTicksAndRejections (internal/process/task_queues.js:79:11) {
  code: 'EADDRINUSE',
  errno: 'EADDRINUSE',
  syscall: 'listen',
  address: '::',
  port: 3014
}
[2020-09-21T14:12:11.464] [INFO] pinus - [gate-server-1 application.js] "gate-server-1" finish start
[2020-09-21T14:12:11.464] [INFO] pinus - [gate-server-1 application.js] "gate-server-1" startup in 103 ms
[2020-09-21T14:13:26.138] [INFO] pinus - [gate-server-1 application.js] application inited: "gate-server-1"
[2020-09-21T14:13:26.146] [INFO] pinus - [gate-server-1 application.js] "gate-server-1" enter before start...
[2020-09-21T14:13:26.147] [INFO] pinus - [gate-server-1 application.js] "gate-server-1" enter start...
[2020-09-21T14:13:26.151] [INFO] pinus-admin - [gate-server-1 consoleService.js] try to connect master: "gate", "127.0.0.1", 3005
[2020-09-21T14:13:26.202] [INFO] pinus - [gate-server-1 application.js] "gate-server-1" enter after start...
[2020-09-21T14:13:26.220] [ERROR] logger - [gate-server-1 console] gate-server-1Error: 
    at Logger.pLogger.<computed> [as error] (E:\BaseProject\server\node_modules\pinus-logger\lib\logger.ts:70:34)
    at process.<anonymous> (E:\BaseProject\server\preload.ts:33:17)
    at process.emit (events.js:315:20)
    at process._fatalException (internal/process/execution.js:165:25) uncaughtException Caught exception:  Error: listen EADDRINUSE: address already in use :::3014
    at Server.setupListenHandle [as _listen2] (net.js:1313:16)
    at listenInCluster (net.js:1361:12)
    at Server.listen (net.js:1447:7)
    at HybridConnector.start (E:\BaseProject\server\node_modules\pinus\lib\connectors\hybridconnector.ts:105:34)
    at ConnectorComponent.afterStart (E:\BaseProject\server\node_modules\pinus\lib\components\connector.ts:122:24)
    at E:\BaseProject\server\node_modules\pinus\lib\util\appUtil.ts:117:34
    at E:\BaseProject\server\node_modules\async\dist\async.js:2154:44
    at replenish (E:\BaseProject\server\node_modules\async\dist\async.js:440:21)
    at iterateeCallback (E:\BaseProject\server\node_modules\async\dist\async.js:424:21)
    at E:\BaseProject\server\node_modules\async\dist\async.js:321:20
    at E:\BaseProject\server\node_modules\pinus-rpc\lib\rpc-client\client.ts:218:13
    at E:\BaseProject\server\node_modules\pinus-rpc\lib\rpc-client\mailstation.ts:94:13
    at processTicksAndRejections (internal/process/task_queues.js:79:11) {
  code: 'EADDRINUSE',
  errno: 'EADDRINUSE',
  syscall: 'listen',
  address: '::',
  port: 3014
}
[2020-09-21T14:13:26.242] [INFO] pinus - [gate-server-1 application.js] "gate-server-1" finish start
[2020-09-21T14:13:26.243] [INFO] pinus - [gate-server-1 application.js] "gate-server-1" startup in 102 ms
[2020-09-21T14:14:29.368] [INFO] pinus - [gate-server-1 application.js] application inited: "gate-server-1"
[2020-09-21T14:14:29.375] [INFO] pinus - [gate-server-1 application.js] "gate-server-1" enter before start...
[2020-09-21T14:14:29.376] [INFO] pinus - [gate-server-1 application.js] "gate-server-1" enter start...
[2020-09-21T14:14:29.379] [INFO] pinus-admin - [gate-server-1 consoleService.js] try to connect master: "gate", "127.0.0.1", 3005
[2020-09-21T14:14:29.450] [INFO] pinus - [gate-server-1 application.js] "gate-server-1" enter after start...
[2020-09-21T14:14:29.522] [ERROR] logger - [gate-server-1 console] gate-server-1Error: 
    at Logger.pLogger.<computed> [as error] (E:\BaseProject\server\node_modules\pinus-logger\lib\logger.ts:70:34)
    at process.<anonymous> (E:\BaseProject\server\preload.ts:33:17)
    at process.emit (events.js:315:20)
    at process._fatalException (internal/process/execution.js:165:25) uncaughtException Caught exception:  Error: listen EADDRINUSE: address already in use :::3014
    at Server.setupListenHandle [as _listen2] (net.js:1313:16)
    at listenInCluster (net.js:1361:12)
    at Server.listen (net.js:1447:7)
    at HybridConnector.start (E:\BaseProject\server\node_modules\pinus\lib\connectors\hybridconnector.ts:105:34)
    at ConnectorComponent.afterStart (E:\BaseProject\server\node_modules\pinus\lib\components\connector.ts:122:24)
    at E:\BaseProject\server\node_modules\pinus\lib\util\appUtil.ts:117:34
    at E:\BaseProject\server\node_modules\async\dist\async.js:2154:44
    at replenish (E:\BaseProject\server\node_modules\async\dist\async.js:440:21)
    at iterateeCallback (E:\BaseProject\server\node_modules\async\dist\async.js:424:21)
    at E:\BaseProject\server\node_modules\async\dist\async.js:321:20
    at E:\BaseProject\server\node_modules\pinus-rpc\lib\rpc-client\client.ts:218:13
    at E:\BaseProject\server\node_modules\pinus-rpc\lib\rpc-client\mailstation.ts:94:13
    at processTicksAndRejections (internal/process/task_queues.js:79:11) {
  code: 'EADDRINUSE',
  errno: 'EADDRINUSE',
  syscall: 'listen',
  address: '::',
  port: 3014
}
[2020-09-21T14:14:29.553] [INFO] pinus - [gate-server-1 application.js] "gate-server-1" finish start
[2020-09-21T14:14:29.554] [INFO] pinus - [gate-server-1 application.js] "gate-server-1" startup in 182 ms
[2020-09-21T14:22:43.613] [INFO] pinus - [gate-server-1 application.js] application inited: "gate-server-1"
[2020-09-21T14:22:43.619] [INFO] pinus - [gate-server-1 application.js] "gate-server-1" enter before start...
[2020-09-21T14:22:43.620] [INFO] pinus - [gate-server-1 application.js] "gate-server-1" enter start...
[2020-09-21T14:22:43.622] [INFO] pinus-admin - [gate-server-1 consoleService.js] try to connect master: "gate", "127.0.0.1", 3005
[2020-09-21T14:22:43.673] [INFO] pinus - [gate-server-1 application.js] "gate-server-1" enter after start...
[2020-09-21T14:22:43.692] [ERROR] logger - [gate-server-1 console] gate-server-1Error: 
    at Logger.pLogger.<computed> [as error] (E:\BaseProject\server\node_modules\pinus-logger\lib\logger.ts:70:34)
    at process.<anonymous> (E:\BaseProject\server\preload.ts:33:17)
    at process.emit (events.js:315:20)
    at process._fatalException (internal/process/execution.js:165:25) uncaughtException Caught exception:  Error: listen EADDRINUSE: address already in use :::3014
    at Server.setupListenHandle [as _listen2] (net.js:1313:16)
    at listenInCluster (net.js:1361:12)
    at Server.listen (net.js:1447:7)
    at HybridConnector.start (E:\BaseProject\server\node_modules\pinus\lib\connectors\hybridconnector.ts:105:34)
    at ConnectorComponent.afterStart (E:\BaseProject\server\node_modules\pinus\lib\components\connector.ts:122:24)
    at E:\BaseProject\server\node_modules\pinus\lib\util\appUtil.ts:117:34
    at E:\BaseProject\server\node_modules\async\dist\async.js:2154:44
    at replenish (E:\BaseProject\server\node_modules\async\dist\async.js:440:21)
    at iterateeCallback (E:\BaseProject\server\node_modules\async\dist\async.js:424:21)
    at E:\BaseProject\server\node_modules\async\dist\async.js:321:20
    at E:\BaseProject\server\node_modules\pinus-rpc\lib\rpc-client\client.ts:218:13
    at E:\BaseProject\server\node_modules\pinus-rpc\lib\rpc-client\mailstation.ts:94:13
    at processTicksAndRejections (internal/process/task_queues.js:79:11) {
  code: 'EADDRINUSE',
  errno: 'EADDRINUSE',
  syscall: 'listen',
  address: '::',
  port: 3014
}
[2020-09-21T14:22:43.718] [INFO] pinus - [gate-server-1 application.js] "gate-server-1" finish start
[2020-09-21T14:22:43.718] [INFO] pinus - [gate-server-1 application.js] "gate-server-1" startup in 101 ms
[2020-09-21T14:33:44.339] [INFO] pinus - [gate-server-1 application.js] application inited: "gate-server-1"
[2020-09-21T14:33:44.344] [INFO] pinus - [gate-server-1 application.js] "gate-server-1" enter before start...
[2020-09-21T14:33:44.345] [INFO] pinus - [gate-server-1 application.js] "gate-server-1" enter start...
[2020-09-21T14:33:44.348] [INFO] pinus-admin - [gate-server-1 consoleService.js] try to connect master: "gate", "127.0.0.1", 3005
[2020-09-21T14:33:44.405] [INFO] pinus - [gate-server-1 application.js] "gate-server-1" enter after start...
[2020-09-21T14:33:44.408] [INFO] pinus - [gate-server-1 application.js] "gate-server-1" finish start
[2020-09-21T14:33:44.425] [INFO] pinus - [gate-server-1 application.js] "gate-server-1" startup in 83 ms
[2020-09-21T14:38:25.969] [INFO] pinus - [gate-server-1 application.js] application inited: "gate-server-1"
[2020-09-21T14:38:25.975] [INFO] pinus - [gate-server-1 application.js] "gate-server-1" enter before start...
[2020-09-21T14:38:25.975] [INFO] pinus - [gate-server-1 application.js] "gate-server-1" enter start...
[2020-09-21T14:38:25.978] [INFO] pinus-admin - [gate-server-1 consoleService.js] try to connect master: "gate", "127.0.0.1", 3005
[2020-09-21T14:38:26.055] [INFO] pinus - [gate-server-1 application.js] "gate-server-1" enter after start...
[2020-09-21T14:38:26.058] [INFO] pinus - [gate-server-1 application.js] "gate-server-1" finish start
[2020-09-21T14:38:26.058] [INFO] pinus - [gate-server-1 application.js] "gate-server-1" startup in 86 ms
[2020-09-21T14:55:48.822] [INFO] pinus - [gate-server-1 application.js] application inited: "gate-server-1"
[2020-09-21T14:55:48.827] [INFO] pinus - [gate-server-1 application.js] "gate-server-1" enter before start...
[2020-09-21T14:55:48.828] [INFO] pinus - [gate-server-1 application.js] "gate-server-1" enter start...
[2020-09-21T14:55:48.831] [INFO] pinus-admin - [gate-server-1 consoleService.js] try to connect master: "gate", "127.0.0.1", 3005
[2020-09-21T14:55:48.890] [INFO] pinus - [gate-server-1 application.js] "gate-server-1" enter after start...
[2020-09-21T14:55:48.895] [INFO] pinus - [gate-server-1 application.js] "gate-server-1" finish start
[2020-09-21T14:55:48.898] [INFO] pinus - [gate-server-1 application.js] "gate-server-1" startup in 73 ms
[2020-09-21T14:57:52.867] [INFO] pinus - [gate-server-1 application.js] application inited: "gate-server-1"
[2020-09-21T14:57:52.873] [INFO] pinus - [gate-server-1 application.js] "gate-server-1" enter before start...
[2020-09-21T14:57:52.874] [INFO] pinus - [gate-server-1 application.js] "gate-server-1" enter start...
[2020-09-21T14:57:52.877] [INFO] pinus-admin - [gate-server-1 consoleService.js] try to connect master: "gate", "127.0.0.1", 3005
[2020-09-21T14:57:52.947] [INFO] pinus - [gate-server-1 application.js] "gate-server-1" enter after start...
[2020-09-21T14:57:52.950] [INFO] pinus - [gate-server-1 application.js] "gate-server-1" finish start
[2020-09-21T14:57:52.950] [INFO] pinus - [gate-server-1 application.js] "gate-server-1" startup in 81 ms
[2020-09-21T15:02:53.069] [INFO] pinus - [gate-server-1 application.js] application inited: "gate-server-1"
[2020-09-21T15:02:53.075] [INFO] pinus - [gate-server-1 application.js] "gate-server-1" enter before start...
[2020-09-21T15:02:53.076] [INFO] pinus - [gate-server-1 application.js] "gate-server-1" enter start...
[2020-09-21T15:02:53.081] [INFO] pinus-admin - [gate-server-1 consoleService.js] try to connect master: "gate", "127.0.0.1", 3005
[2020-09-21T15:02:53.153] [INFO] pinus - [gate-server-1 application.js] "gate-server-1" enter after start...
[2020-09-21T15:02:53.157] [INFO] pinus - [gate-server-1 application.js] "gate-server-1" finish start
[2020-09-21T15:02:53.157] [INFO] pinus - [gate-server-1 application.js] "gate-server-1" startup in 86 ms
[2020-09-21T15:05:59.708] [INFO] pinus - [gate-server-1 application.js] application inited: "gate-server-1"
[2020-09-21T15:05:59.713] [INFO] pinus - [gate-server-1 application.js] "gate-server-1" enter before start...
[2020-09-21T15:05:59.714] [INFO] pinus - [gate-server-1 application.js] "gate-server-1" enter start...
[2020-09-21T15:05:59.718] [INFO] pinus-admin - [gate-server-1 consoleService.js] try to connect master: "gate", "127.0.0.1", 3005
[2020-09-21T15:05:59.787] [INFO] pinus - [gate-server-1 application.js] "gate-server-1" enter after start...
[2020-09-21T15:05:59.790] [INFO] pinus - [gate-server-1 application.js] "gate-server-1" finish start
[2020-09-21T15:05:59.791] [INFO] pinus - [gate-server-1 application.js] "gate-server-1" startup in 80 ms
[2020-09-21T15:10:21.886] [INFO] pinus - [gate-server-1 application.js] application inited: "gate-server-1"
[2020-09-21T15:10:21.891] [INFO] pinus - [gate-server-1 application.js] "gate-server-1" enter before start...
[2020-09-21T15:10:21.892] [INFO] pinus - [gate-server-1 application.js] "gate-server-1" enter start...
[2020-09-21T15:10:21.895] [INFO] pinus-admin - [gate-server-1 consoleService.js] try to connect master: "gate", "127.0.0.1", 3005
[2020-09-21T15:10:21.962] [INFO] pinus - [gate-server-1 application.js] "gate-server-1" enter after start...
[2020-09-21T15:10:21.965] [INFO] pinus - [gate-server-1 application.js] "gate-server-1" finish start
[2020-09-21T15:10:21.965] [INFO] pinus - [gate-server-1 application.js] "gate-server-1" startup in 76 ms
[2020-09-21T15:11:59.373] [INFO] pinus - [gate-server-1 application.js] application inited: "gate-server-1"
[2020-09-21T15:11:59.379] [INFO] pinus - [gate-server-1 application.js] "gate-server-1" enter before start...
[2020-09-21T15:11:59.379] [INFO] pinus - [gate-server-1 application.js] "gate-server-1" enter start...
[2020-09-21T15:11:59.382] [INFO] pinus-admin - [gate-server-1 consoleService.js] try to connect master: "gate", "127.0.0.1", 3005
[2020-09-21T15:11:59.470] [INFO] pinus - [gate-server-1 application.js] "gate-server-1" enter after start...
[2020-09-21T15:11:59.475] [INFO] pinus - [gate-server-1 application.js] "gate-server-1" finish start
[2020-09-21T15:11:59.475] [INFO] pinus - [gate-server-1 application.js] "gate-server-1" startup in 99 ms
[2020-09-21T15:25:13.730] [INFO] pinus - [gate-server-1 application.js] application inited: "gate-server-1"
[2020-09-21T15:25:13.737] [INFO] pinus - [gate-server-1 application.js] "gate-server-1" enter before start...
[2020-09-21T15:25:13.737] [INFO] pinus - [gate-server-1 application.js] "gate-server-1" enter start...
[2020-09-21T15:25:13.740] [INFO] pinus-admin - [gate-server-1 consoleService.js] try to connect master: "gate", "127.0.0.1", 3005
[2020-09-21T15:25:13.805] [INFO] pinus - [gate-server-1 application.js] "gate-server-1" enter after start...
[2020-09-21T15:25:13.808] [INFO] pinus - [gate-server-1 application.js] "gate-server-1" finish start
[2020-09-21T15:25:13.809] [INFO] pinus - [gate-server-1 application.js] "gate-server-1" startup in 77 ms
[2020-09-21T15:26:29.633] [INFO] pinus - [gate-server-1 application.js] application inited: "gate-server-1"
[2020-09-21T15:26:29.639] [INFO] pinus - [gate-server-1 application.js] "gate-server-1" enter before start...
[2020-09-21T15:26:29.640] [INFO] pinus - [gate-server-1 application.js] "gate-server-1" enter start...
[2020-09-21T15:26:29.643] [INFO] pinus-admin - [gate-server-1 consoleService.js] try to connect master: "gate", "127.0.0.1", 3005
[2020-09-21T15:26:29.696] [INFO] pinus - [gate-server-1 application.js] "gate-server-1" enter after start...
[2020-09-21T15:26:29.699] [INFO] pinus - [gate-server-1 application.js] "gate-server-1" finish start
[2020-09-21T15:26:29.699] [INFO] pinus - [gate-server-1 application.js] "gate-server-1" startup in 63 ms
[2020-09-21T15:53:31.449] [INFO] pinus - [gate-server-1 application.js] application inited: "gate-server-1"
[2020-09-21T15:53:31.455] [INFO] pinus - [gate-server-1 application.js] "gate-server-1" enter before start...
[2020-09-21T15:53:31.456] [INFO] pinus - [gate-server-1 application.js] "gate-server-1" enter start...
[2020-09-21T15:53:31.459] [INFO] pinus-admin - [gate-server-1 consoleService.js] try to connect master: "gate", "127.0.0.1", 3005
[2020-09-21T15:53:31.534] [INFO] pinus - [gate-server-1 application.js] "gate-server-1" enter after start...
[2020-09-21T15:53:31.538] [INFO] pinus - [gate-server-1 application.js] "gate-server-1" finish start
[2020-09-21T15:53:31.538] [INFO] pinus - [gate-server-1 application.js] "gate-server-1" startup in 86 ms
[2020-09-21T15:54:22.983] [INFO] pinus - [gate-server-1 application.js] application inited: "gate-server-1"
[2020-09-21T15:54:22.993] [INFO] pinus - [gate-server-1 application.js] "gate-server-1" enter before start...
[2020-09-21T15:54:22.993] [INFO] pinus - [gate-server-1 application.js] "gate-server-1" enter start...
[2020-09-21T15:54:22.996] [INFO] pinus-admin - [gate-server-1 consoleService.js] try to connect master: "gate", "127.0.0.1", 3005
[2020-09-21T15:54:23.066] [INFO] pinus - [gate-server-1 application.js] "gate-server-1" enter after start...
[2020-09-21T15:54:23.069] [INFO] pinus - [gate-server-1 application.js] "gate-server-1" finish start
[2020-09-21T15:54:23.070] [INFO] pinus - [gate-server-1 application.js] "gate-server-1" startup in 80 ms
[2020-09-21T15:57:54.742] [INFO] pinus - [gate-server-1 application.js] application inited: "gate-server-1"
[2020-09-21T15:57:54.747] [INFO] pinus - [gate-server-1 application.js] "gate-server-1" enter before start...
[2020-09-21T15:57:54.749] [INFO] pinus - [gate-server-1 application.js] "gate-server-1" enter start...
[2020-09-21T15:57:54.752] [INFO] pinus-admin - [gate-server-1 consoleService.js] try to connect master: "gate", "127.0.0.1", 3005
[2020-09-21T15:57:54.836] [INFO] pinus - [gate-server-1 application.js] "gate-server-1" enter after start...
[2020-09-21T15:57:54.840] [INFO] pinus - [gate-server-1 application.js] "gate-server-1" finish start
[2020-09-21T15:57:54.840] [INFO] pinus - [gate-server-1 application.js] "gate-server-1" startup in 95 ms
[2020-09-21T15:58:09.457] [INFO] pinus - [gate-server-1 application.js] application inited: "gate-server-1"
[2020-09-21T15:58:09.462] [INFO] pinus - [gate-server-1 application.js] "gate-server-1" enter before start...
[2020-09-21T15:58:09.463] [INFO] pinus - [gate-server-1 application.js] "gate-server-1" enter start...
[2020-09-21T15:58:09.467] [INFO] pinus-admin - [gate-server-1 consoleService.js] try to connect master: "gate", "127.0.0.1", 3005
[2020-09-21T15:58:09.508] [INFO] pinus - [gate-server-1 application.js] "gate-server-1" enter after start...
[2020-09-21T15:58:09.511] [INFO] pinus - [gate-server-1 application.js] "gate-server-1" finish start
[2020-09-21T15:58:09.512] [INFO] pinus - [gate-server-1 application.js] "gate-server-1" startup in 52 ms
[2020-09-21T16:40:50.800] [INFO] pinus - [gate-server-1 application.js] application inited: "gate-server-1"
[2020-09-21T16:40:50.806] [INFO] pinus - [gate-server-1 application.js] "gate-server-1" enter before start...
[2020-09-21T16:40:50.807] [INFO] pinus - [gate-server-1 application.js] "gate-server-1" enter start...
[2020-09-21T16:40:50.809] [INFO] pinus-admin - [gate-server-1 consoleService.js] try to connect master: "gate", "127.0.0.1", 3005
[2020-09-21T16:40:50.894] [INFO] pinus - [gate-server-1 application.js] "gate-server-1" enter after start...
[2020-09-21T16:40:50.897] [INFO] pinus - [gate-server-1 application.js] "gate-server-1" finish start
[2020-09-21T16:40:50.898] [INFO] pinus - [gate-server-1 application.js] "gate-server-1" startup in 95 ms
[2020-09-21T16:57:03.764] [INFO] pinus - [gate-server-1 application.js] application inited: "gate-server-1"
[2020-09-21T16:57:03.770] [INFO] pinus - [gate-server-1 application.js] "gate-server-1" enter before start...
[2020-09-21T16:57:03.770] [INFO] pinus - [gate-server-1 application.js] "gate-server-1" enter start...
[2020-09-21T16:57:03.775] [INFO] pinus-admin - [gate-server-1 consoleService.js] try to connect master: "gate", "127.0.0.1", 3005
[2020-09-21T16:57:03.821] [INFO] pinus - [gate-server-1 application.js] "gate-server-1" enter after start...
[2020-09-21T16:57:03.825] [INFO] pinus - [gate-server-1 application.js] "gate-server-1" finish start
[2020-09-21T16:57:03.825] [INFO] pinus - [gate-server-1 application.js] "gate-server-1" startup in 58 ms
[2020-09-21T17:16:28.620] [INFO] pinus - [gate-server-1 application.js] application inited: "gate-server-1"
[2020-09-21T17:16:28.627] [INFO] pinus - [gate-server-1 application.js] "gate-server-1" enter before start...
[2020-09-21T17:16:28.628] [INFO] pinus - [gate-server-1 application.js] "gate-server-1" enter start...
[2020-09-21T17:16:28.631] [INFO] pinus-admin - [gate-server-1 consoleService.js] try to connect master: "gate", "127.0.0.1", 3005
[2020-09-21T17:16:28.726] [INFO] pinus - [gate-server-1 application.js] "gate-server-1" enter after start...
[2020-09-21T17:16:28.729] [INFO] pinus - [gate-server-1 application.js] "gate-server-1" finish start
[2020-09-21T17:16:28.729] [INFO] pinus - [gate-server-1 application.js] "gate-server-1" startup in 104 ms
[2020-09-21T17:30:42.647] [INFO] pinus - [gate-server-1 application.js] application inited: "gate-server-1"
[2020-09-21T17:30:42.652] [INFO] pinus - [gate-server-1 application.js] "gate-server-1" enter before start...
[2020-09-21T17:30:42.653] [INFO] pinus - [gate-server-1 application.js] "gate-server-1" enter start...
[2020-09-21T17:30:42.656] [INFO] pinus-admin - [gate-server-1 consoleService.js] try to connect master: "gate", "127.0.0.1", 3005
[2020-09-21T17:30:42.733] [INFO] pinus - [gate-server-1 application.js] "gate-server-1" enter after start...
[2020-09-21T17:30:42.736] [INFO] pinus - [gate-server-1 application.js] "gate-server-1" finish start
[2020-09-21T17:30:42.736] [INFO] pinus - [gate-server-1 application.js] "gate-server-1" startup in 87 ms
[2020-09-21T18:07:41.878] [INFO] pinus - [gate-server-1 application.js] application inited: "gate-server-1"
[2020-09-21T18:07:41.885] [INFO] pinus - [gate-server-1 application.js] "gate-server-1" enter before start...
[2020-09-21T18:07:41.886] [INFO] pinus - [gate-server-1 application.js] "gate-server-1" enter start...
[2020-09-21T18:07:41.889] [INFO] pinus-admin - [gate-server-1 consoleService.js] try to connect master: "gate", "127.0.0.1", 3005
[2020-09-21T18:07:41.959] [INFO] pinus - [gate-server-1 application.js] "gate-server-1" enter after start...
[2020-09-21T18:07:41.962] [INFO] pinus - [gate-server-1 application.js] "gate-server-1" finish start
[2020-09-21T18:07:41.962] [INFO] pinus - [gate-server-1 application.js] "gate-server-1" startup in 81 ms
[2020-09-21T18:50:24.987] [INFO] pinus - [gate-server-1 application.js] application inited: "gate-server-1"
[2020-09-21T18:50:24.993] [INFO] pinus - [gate-server-1 application.js] "gate-server-1" enter before start...
[2020-09-21T18:50:24.993] [INFO] pinus - [gate-server-1 application.js] "gate-server-1" enter start...
[2020-09-21T18:50:24.996] [INFO] pinus-admin - [gate-server-1 consoleService.js] try to connect master: "gate", "127.0.0.1", 3005
[2020-09-21T18:50:25.053] [INFO] pinus - [gate-server-1 application.js] "gate-server-1" enter after start...
[2020-09-21T18:50:25.058] [INFO] pinus - [gate-server-1 application.js] "gate-server-1" finish start
[2020-09-21T18:50:25.059] [INFO] pinus - [gate-server-1 application.js] "gate-server-1" startup in 69 ms
[2020-09-22T10:14:28.735] [INFO] pinus - [gate-server-1 application.js] application inited: "gate-server-1"
[2020-09-22T10:14:28.740] [INFO] pinus - [gate-server-1 application.js] "gate-server-1" enter before start...
[2020-09-22T10:14:28.740] [INFO] pinus - [gate-server-1 application.js] "gate-server-1" enter start...
[2020-09-22T10:14:28.744] [INFO] pinus-admin - [gate-server-1 consoleService.js] try to connect master: "gate", "127.0.0.1", 3005
[2020-09-22T10:14:28.823] [INFO] pinus - [gate-server-1 application.js] "gate-server-1" enter after start...
[2020-09-22T10:14:28.826] [INFO] pinus - [gate-server-1 application.js] "gate-server-1" finish start
[2020-09-22T10:14:28.827] [INFO] pinus - [gate-server-1 application.js] "gate-server-1" startup in 89 ms
[2020-09-22T10:16:35.245] [INFO] pinus - [gate-server-1 application.js] application inited: "gate-server-1"
[2020-09-22T10:16:35.251] [INFO] pinus - [gate-server-1 application.js] "gate-server-1" enter before start...
[2020-09-22T10:16:35.252] [INFO] pinus - [gate-server-1 application.js] "gate-server-1" enter start...
[2020-09-22T10:16:35.255] [INFO] pinus-admin - [gate-server-1 consoleService.js] try to connect master: "gate", "127.0.0.1", 3005
[2020-09-22T10:16:35.313] [INFO] pinus - [gate-server-1 application.js] "gate-server-1" enter after start...
[2020-09-22T10:16:35.317] [INFO] pinus - [gate-server-1 application.js] "gate-server-1" finish start
[2020-09-22T10:16:35.317] [INFO] pinus - [gate-server-1 application.js] "gate-server-1" startup in 69 ms
[2020-09-22T10:18:57.853] [INFO] pinus - [gate-server-1 application.js] application inited: "gate-server-1"
[2020-09-22T10:18:57.858] [INFO] pinus - [gate-server-1 application.js] "gate-server-1" enter before start...
[2020-09-22T10:18:57.859] [INFO] pinus - [gate-server-1 application.js] "gate-server-1" enter start...
[2020-09-22T10:18:57.862] [INFO] pinus-admin - [gate-server-1 consoleService.js] try to connect master: "gate", "127.0.0.1", 3005
[2020-09-22T10:18:57.954] [INFO] pinus - [gate-server-1 application.js] "gate-server-1" enter after start...
[2020-09-22T10:18:57.957] [INFO] pinus - [gate-server-1 application.js] "gate-server-1" finish start
[2020-09-22T10:18:57.957] [INFO] pinus - [gate-server-1 application.js] "gate-server-1" startup in 102 ms
[2020-09-22T10:34:53.398] [INFO] pinus - [gate-server-1 application.js] application inited: "gate-server-1"
[2020-09-22T10:34:53.404] [INFO] pinus - [gate-server-1 application.js] "gate-server-1" enter before start...
[2020-09-22T10:34:53.404] [INFO] pinus - [gate-server-1 application.js] "gate-server-1" enter start...
[2020-09-22T10:34:53.408] [INFO] pinus-admin - [gate-server-1 consoleService.js] try to connect master: "gate", "127.0.0.1", 3005
[2020-09-22T10:34:53.479] [INFO] pinus - [gate-server-1 application.js] "gate-server-1" enter after start...
[2020-09-22T10:34:53.482] [INFO] pinus - [gate-server-1 application.js] "gate-server-1" finish start
[2020-09-22T10:34:53.483] [INFO] pinus - [gate-server-1 application.js] "gate-server-1" startup in 83 ms
[2020-09-22T10:42:25.816] [INFO] pinus - [gate-server-1 application.js] application inited: "gate-server-1"
[2020-09-22T10:42:25.822] [INFO] pinus - [gate-server-1 application.js] "gate-server-1" enter before start...
[2020-09-22T10:42:25.822] [INFO] pinus - [gate-server-1 application.js] "gate-server-1" enter start...
[2020-09-22T10:42:25.828] [INFO] pinus-admin - [gate-server-1 consoleService.js] try to connect master: "gate", "127.0.0.1", 3005
[2020-09-22T10:42:25.892] [INFO] pinus - [gate-server-1 application.js] "gate-server-1" enter after start...
[2020-09-22T10:42:25.895] [INFO] pinus - [gate-server-1 application.js] "gate-server-1" finish start
[2020-09-22T10:42:25.895] [INFO] pinus - [gate-server-1 application.js] "gate-server-1" startup in 76 ms
[2020-09-22T10:50:08.313] [INFO] pinus - [gate-server-1 application.js] application inited: "gate-server-1"
[2020-09-22T10:50:08.319] [INFO] pinus - [gate-server-1 application.js] "gate-server-1" enter before start...
[2020-09-22T10:50:08.319] [INFO] pinus - [gate-server-1 application.js] "gate-server-1" enter start...
[2020-09-22T10:50:08.322] [INFO] pinus-admin - [gate-server-1 consoleService.js] try to connect master: "gate", "127.0.0.1", 3005
[2020-09-22T10:50:08.376] [INFO] pinus - [gate-server-1 application.js] "gate-server-1" enter after start...
[2020-09-22T10:50:08.379] [INFO] pinus - [gate-server-1 application.js] "gate-server-1" finish start
[2020-09-22T10:50:08.379] [INFO] pinus - [gate-server-1 application.js] "gate-server-1" startup in 63 ms
[2020-09-22T10:54:15.289] [INFO] pinus - [gate-server-1 application.js] application inited: "gate-server-1"
[2020-09-22T10:54:15.294] [INFO] pinus - [gate-server-1 application.js] "gate-server-1" enter before start...
[2020-09-22T10:54:15.295] [INFO] pinus - [gate-server-1 application.js] "gate-server-1" enter start...
[2020-09-22T10:54:15.298] [INFO] pinus-admin - [gate-server-1 consoleService.js] try to connect master: "gate", "127.0.0.1", 3005
[2020-09-22T10:54:15.362] [INFO] pinus - [gate-server-1 application.js] "gate-server-1" enter after start...
[2020-09-22T10:54:15.365] [INFO] pinus - [gate-server-1 application.js] "gate-server-1" finish start
[2020-09-22T10:54:15.365] [INFO] pinus - [gate-server-1 application.js] "gate-server-1" startup in 73 ms
[2020-09-22T11:35:06.737] [INFO] pinus - [gate-server-1 application.js] application inited: "gate-server-1"
[2020-09-22T11:35:06.742] [INFO] pinus - [gate-server-1 application.js] "gate-server-1" enter before start...
[2020-09-22T11:35:06.743] [INFO] pinus - [gate-server-1 application.js] "gate-server-1" enter start...
[2020-09-22T11:35:06.746] [INFO] pinus-admin - [gate-server-1 consoleService.js] try to connect master: "gate", "127.0.0.1", 3005
[2020-09-22T11:35:06.830] [INFO] pinus - [gate-server-1 application.js] "gate-server-1" enter after start...
[2020-09-22T11:35:06.835] [INFO] pinus - [gate-server-1 application.js] "gate-server-1" finish start
[2020-09-22T11:35:06.835] [INFO] pinus - [gate-server-1 application.js] "gate-server-1" startup in 95 ms
[2020-09-22T11:37:32.069] [INFO] pinus - [gate-server-1 application.js] application inited: "gate-server-1"
[2020-09-22T11:37:32.076] [INFO] pinus - [gate-server-1 application.js] "gate-server-1" enter before start...
[2020-09-22T11:37:32.077] [INFO] pinus - [gate-server-1 application.js] "gate-server-1" enter start...
[2020-09-22T11:37:32.081] [INFO] pinus-admin - [gate-server-1 consoleService.js] try to connect master: "gate", "127.0.0.1", 3005
[2020-09-22T11:37:32.170] [INFO] pinus - [gate-server-1 application.js] "gate-server-1" enter after start...
[2020-09-22T11:37:32.179] [INFO] pinus - [gate-server-1 application.js] "gate-server-1" finish start
[2020-09-22T11:37:32.180] [INFO] pinus - [gate-server-1 application.js] "gate-server-1" startup in 107 ms
[2020-09-22T11:42:57.952] [INFO] pinus - [gate-server-1 application.js] application inited: "gate-server-1"
[2020-09-22T11:42:57.957] [INFO] pinus - [gate-server-1 application.js] "gate-server-1" enter before start...
[2020-09-22T11:42:57.959] [INFO] pinus - [gate-server-1 application.js] "gate-server-1" enter start...
[2020-09-22T11:42:57.962] [INFO] pinus-admin - [gate-server-1 consoleService.js] try to connect master: "gate", "127.0.0.1", 3005
[2020-09-22T11:42:58.025] [INFO] pinus - [gate-server-1 application.js] "gate-server-1" enter after start...
[2020-09-22T11:42:58.028] [INFO] pinus - [gate-server-1 application.js] "gate-server-1" finish start
[2020-09-22T11:42:58.029] [INFO] pinus - [gate-server-1 application.js] "gate-server-1" startup in 75 ms
[2020-09-22T11:45:44.508] [INFO] pinus - [gate-server-1 application.js] application inited: "gate-server-1"
[2020-09-22T11:45:44.513] [INFO] pinus - [gate-server-1 application.js] "gate-server-1" enter before start...
[2020-09-22T11:45:44.514] [INFO] pinus - [gate-server-1 application.js] "gate-server-1" enter start...
[2020-09-22T11:45:44.516] [INFO] pinus-admin - [gate-server-1 consoleService.js] try to connect master: "gate", "127.0.0.1", 3005
[2020-09-22T11:45:44.616] [INFO] pinus - [gate-server-1 application.js] "gate-server-1" enter after start...
[2020-09-22T11:45:44.625] [INFO] pinus - [gate-server-1 application.js] "gate-server-1" finish start
[2020-09-22T11:45:44.626] [INFO] pinus - [gate-server-1 application.js] "gate-server-1" startup in 115 ms
[2020-09-22T11:47:22.526] [INFO] pinus - [gate-server-1 application.js] application inited: "gate-server-1"
[2020-09-22T11:47:22.532] [INFO] pinus - [gate-server-1 application.js] "gate-server-1" enter before start...
[2020-09-22T11:47:22.533] [INFO] pinus - [gate-server-1 application.js] "gate-server-1" enter start...
[2020-09-22T11:47:22.536] [INFO] pinus-admin - [gate-server-1 consoleService.js] try to connect master: "gate", "127.0.0.1", 3005
[2020-09-22T11:47:22.633] [INFO] pinus - [gate-server-1 application.js] "gate-server-1" enter after start...
[2020-09-22T11:47:22.636] [INFO] pinus - [gate-server-1 application.js] "gate-server-1" finish start
[2020-09-22T11:47:22.636] [INFO] pinus - [gate-server-1 application.js] "gate-server-1" startup in 107 ms
[2020-09-22T11:49:26.738] [INFO] pinus - [gate-server-1 application.js] application inited: "gate-server-1"
[2020-09-22T11:49:26.745] [INFO] pinus - [gate-server-1 application.js] "gate-server-1" enter before start...
[2020-09-22T11:49:26.745] [INFO] pinus - [gate-server-1 application.js] "gate-server-1" enter start...
[2020-09-22T11:49:26.752] [INFO] pinus-admin - [gate-server-1 consoleService.js] try to connect master: "gate", "127.0.0.1", 3005
[2020-09-22T11:49:26.840] [INFO] pinus - [gate-server-1 application.js] "gate-server-1" enter after start...
[2020-09-22T11:49:26.843] [INFO] pinus - [gate-server-1 application.js] "gate-server-1" finish start
[2020-09-22T11:49:26.843] [INFO] pinus - [gate-server-1 application.js] "gate-server-1" startup in 102 ms
[2020-09-22T11:51:12.044] [INFO] pinus - [gate-server-1 application.js] application inited: "gate-server-1"
[2020-09-22T11:51:12.049] [INFO] pinus - [gate-server-1 application.js] "gate-server-1" enter before start...
[2020-09-22T11:51:12.050] [INFO] pinus - [gate-server-1 application.js] "gate-server-1" enter start...
[2020-09-22T11:51:12.053] [INFO] pinus-admin - [gate-server-1 consoleService.js] try to connect master: "gate", "127.0.0.1", 3005
[2020-09-22T11:51:12.132] [INFO] pinus - [gate-server-1 application.js] "gate-server-1" enter after start...
[2020-09-22T11:51:12.135] [INFO] pinus - [gate-server-1 application.js] "gate-server-1" finish start
[2020-09-22T11:51:12.135] [INFO] pinus - [gate-server-1 application.js] "gate-server-1" startup in 89 ms
[2020-09-22T11:54:03.460] [INFO] pinus - [gate-server-1 application.js] application inited: "gate-server-1"
[2020-09-22T11:54:03.467] [INFO] pinus - [gate-server-1 application.js] "gate-server-1" enter before start...
[2020-09-22T11:54:03.468] [INFO] pinus - [gate-server-1 application.js] "gate-server-1" enter start...
[2020-09-22T11:54:03.471] [INFO] pinus-admin - [gate-server-1 consoleService.js] try to connect master: "gate", "127.0.0.1", 3005
[2020-09-22T11:54:03.552] [INFO] pinus - [gate-server-1 application.js] "gate-server-1" enter after start...
[2020-09-22T11:54:03.555] [INFO] pinus - [gate-server-1 application.js] "gate-server-1" finish start
[2020-09-22T11:54:03.556] [INFO] pinus - [gate-server-1 application.js] "gate-server-1" startup in 93 ms
[2020-09-22T11:55:29.507] [INFO] pinus - [gate-server-1 application.js] application inited: "gate-server-1"
[2020-09-22T11:55:29.512] [INFO] pinus - [gate-server-1 application.js] "gate-server-1" enter before start...
[2020-09-22T11:55:29.513] [INFO] pinus - [gate-server-1 application.js] "gate-server-1" enter start...
[2020-09-22T11:55:29.516] [INFO] pinus-admin - [gate-server-1 consoleService.js] try to connect master: "gate", "127.0.0.1", 3005
[2020-09-22T11:55:29.611] [INFO] pinus - [gate-server-1 application.js] "gate-server-1" enter after start...
[2020-09-22T11:55:29.659] [INFO] pinus - [gate-server-1 application.js] "gate-server-1" finish start
[2020-09-22T11:55:29.659] [INFO] pinus - [gate-server-1 application.js] "gate-server-1" startup in 150 ms
[2020-09-22T11:58:49.345] [INFO] pinus - [gate-server-1 application.js] application inited: "gate-server-1"
[2020-09-22T11:58:49.352] [INFO] pinus - [gate-server-1 application.js] "gate-server-1" enter before start...
[2020-09-22T11:58:49.353] [INFO] pinus - [gate-server-1 application.js] "gate-server-1" enter start...
[2020-09-22T11:58:49.356] [INFO] pinus-admin - [gate-server-1 consoleService.js] try to connect master: "gate", "127.0.0.1", 3005
[2020-09-22T11:58:49.410] [INFO] pinus - [gate-server-1 application.js] "gate-server-1" enter after start...
[2020-09-22T11:58:49.416] [INFO] pinus - [gate-server-1 application.js] "gate-server-1" finish start
[2020-09-22T11:58:49.417] [INFO] pinus - [gate-server-1 application.js] "gate-server-1" startup in 68 ms
[2020-09-22T12:03:07.581] [INFO] pinus - [gate-server-1 application.js] application inited: "gate-server-1"
[2020-09-22T12:03:07.587] [INFO] pinus - [gate-server-1 application.js] "gate-server-1" enter before start...
[2020-09-22T12:03:07.588] [INFO] pinus - [gate-server-1 application.js] "gate-server-1" enter start...
[2020-09-22T12:03:07.591] [INFO] pinus-admin - [gate-server-1 consoleService.js] try to connect master: "gate", "127.0.0.1", 3005
[2020-09-22T12:03:07.666] [INFO] pinus - [gate-server-1 application.js] "gate-server-1" enter after start...
[2020-09-22T12:03:07.669] [INFO] pinus - [gate-server-1 application.js] "gate-server-1" finish start
[2020-09-22T12:03:07.669] [INFO] pinus - [gate-server-1 application.js] "gate-server-1" startup in 84 ms
[2020-09-22T12:12:24.570] [INFO] pinus - [gate-server-1 application.js] application inited: "gate-server-1"
[2020-09-22T12:12:24.576] [INFO] pinus - [gate-server-1 application.js] "gate-server-1" enter before start...
[2020-09-22T12:12:24.577] [INFO] pinus - [gate-server-1 application.js] "gate-server-1" enter start...
[2020-09-22T12:12:24.583] [INFO] pinus-admin - [gate-server-1 consoleService.js] try to connect master: "gate", "127.0.0.1", 3005
[2020-09-22T12:12:24.770] [INFO] pinus - [gate-server-1 application.js] "gate-server-1" enter after start...
[2020-09-22T12:12:24.781] [INFO] pinus - [gate-server-1 application.js] "gate-server-1" finish start
[2020-09-22T12:12:24.781] [INFO] pinus - [gate-server-1 application.js] "gate-server-1" startup in 208 ms
[2020-09-22T14:34:44.132] [INFO] pinus - [gate-server-1 application.js] application inited: "gate-server-1"
[2020-09-22T14:34:44.139] [INFO] pinus - [gate-server-1 application.js] "gate-server-1" enter before start...
[2020-09-22T14:34:44.143] [INFO] pinus - [gate-server-1 application.js] "gate-server-1" enter start...
[2020-09-22T14:34:44.146] [INFO] pinus-admin - [gate-server-1 consoleService.js] try to connect master: "gate", "127.0.0.1", 3005
[2020-09-22T14:34:44.230] [INFO] pinus - [gate-server-1 application.js] "gate-server-1" enter after start...
[2020-09-22T14:34:44.233] [INFO] pinus - [gate-server-1 application.js] "gate-server-1" finish start
[2020-09-22T14:34:44.233] [INFO] pinus - [gate-server-1 application.js] "gate-server-1" startup in 98 ms
[2020-09-22T15:10:46.470] [INFO] pinus - [gate-server-1 application.js] application inited: "gate-server-1"
[2020-09-22T15:10:46.475] [INFO] pinus - [gate-server-1 application.js] "gate-server-1" enter before start...
[2020-09-22T15:10:46.476] [INFO] pinus - [gate-server-1 application.js] "gate-server-1" enter start...
[2020-09-22T15:10:46.478] [INFO] pinus-admin - [gate-server-1 consoleService.js] try to connect master: "gate", "127.0.0.1", 3005
[2020-09-22T15:10:46.546] [INFO] pinus - [gate-server-1 application.js] "gate-server-1" enter after start...
[2020-09-22T15:10:46.549] [INFO] pinus - [gate-server-1 application.js] "gate-server-1" finish start
[2020-09-22T15:10:46.549] [INFO] pinus - [gate-server-1 application.js] "gate-server-1" startup in 77 ms
[2020-09-22T15:36:15.011] [INFO] pinus - [gate-server-1 application.js] application inited: "gate-server-1"
[2020-09-22T15:36:15.017] [INFO] pinus - [gate-server-1 application.js] "gate-server-1" enter before start...
[2020-09-22T15:36:15.018] [INFO] pinus - [gate-server-1 application.js] "gate-server-1" enter start...
[2020-09-22T15:36:15.020] [INFO] pinus-admin - [gate-server-1 consoleService.js] try to connect master: "gate", "127.0.0.1", 3005
[2020-09-22T15:36:15.120] [INFO] pinus - [gate-server-1 application.js] "gate-server-1" enter after start...
[2020-09-22T15:36:15.130] [INFO] pinus - [gate-server-1 application.js] "gate-server-1" finish start
[2020-09-22T15:36:15.131] [INFO] pinus - [gate-server-1 application.js] "gate-server-1" startup in 117 ms
[2020-09-22T15:46:35.487] [INFO] pinus - [gate-server-1 application.js] application inited: "gate-server-1"
[2020-09-22T15:46:35.493] [INFO] pinus - [gate-server-1 application.js] "gate-server-1" enter before start...
[2020-09-22T15:46:35.494] [INFO] pinus - [gate-server-1 application.js] "gate-server-1" enter start...
[2020-09-22T15:46:35.497] [INFO] pinus-admin - [gate-server-1 consoleService.js] try to connect master: "gate", "127.0.0.1", 3005
[2020-09-22T15:46:35.567] [INFO] pinus - [gate-server-1 application.js] "gate-server-1" enter after start...
[2020-09-22T15:46:35.570] [INFO] pinus - [gate-server-1 application.js] "gate-server-1" finish start
[2020-09-22T15:46:35.570] [INFO] pinus - [gate-server-1 application.js] "gate-server-1" startup in 80 ms
[2020-09-22T15:58:52.992] [INFO] pinus - [gate-server-1 application.js] application inited: "gate-server-1"
[2020-09-22T15:58:52.999] [INFO] pinus - [gate-server-1 application.js] "gate-server-1" enter before start...
[2020-09-22T15:58:53.000] [INFO] pinus - [gate-server-1 application.js] "gate-server-1" enter start...
[2020-09-22T15:58:53.004] [INFO] pinus-admin - [gate-server-1 consoleService.js] try to connect master: "gate", "127.0.0.1", 3005
[2020-09-22T15:58:53.133] [INFO] pinus - [gate-server-1 application.js] "gate-server-1" enter after start...
[2020-09-22T15:58:53.139] [INFO] pinus - [gate-server-1 application.js] "gate-server-1" finish start
[2020-09-22T15:58:53.139] [INFO] pinus - [gate-server-1 application.js] "gate-server-1" startup in 144 ms
